[2020-05-12 09:41:53,179][INFO] 
===== test_all-Collision-2020-05-12-09-41-53 configuration =====
  benchmark: Collision
  exp_fn: test_all
  seed: 42
  dom: <module 'src.deeppoly' from '/home/xlin/Dropbox/workspace/ART/src/deeppoly.py'>
  start_abs_cnt: 5000
  max_abs_cnt: 10000
  refine_top_k: 200
  tiny_width: 0.001
  lr: 0.001
  batch_size: 32
  min_epochs: 20
  max_epochs: 100
  use_scheduler: True
  no_pts: False
  no_abs: False
  no_refine: True
  quiet: False
  debug: False
  reset_params: False
  n_props: 100
  safe_lambda: 1.0
  grad_clip: 1.0
  accu_bar: None
  scheduler_fn: <function ExpArgParser.setup_rest.<locals>.<lambda> at 0x7fe73d318050>
  net_fn: <function CollisionArgParser.setup_rest.<locals>.<lambda> at 0x7fe73d318170>
  accuracy_loss_fn: <function CollisionArgParser.setup_rest.<locals>.ce_loss at 0x7fe73d318200>
===== end of test_all-Collision-2020-05-12-09-41-53 configuration =====

[2020-05-12 09:41:54,702][INFO] Sequential(
  (0): Linear(in_features=6, out_features=50, bias=True)
  (1): ReLU()
  (2): Linear(in_features=50, out_features=128, bias=True)
  (3): ReLU()
  (4): Linear(in_features=128, out_features=50, bias=True)
  (5): ReLU()
  (6): Linear(in_features=50, out_features=2, bias=True)
)
[2020-05-12 09:41:56,348][INFO] Using 100 largest properties.
[2020-05-12 09:41:56,357][INFO] [0m 0s (0.000 seconds)] After epoch 0:
[2020-05-12 09:41:56,357][INFO] Loaded 3000 points for training.
[2020-05-12 09:41:56,357][INFO] Loaded 133 abstractions for training.
[2020-05-12 09:41:56,412][INFO] min loss 0.0, max loss 0.15391592681407928.
[2020-05-12 09:41:56,414][INFO] Max loss at LB: tensor([ 0.4249,  0.7183,  0.1579,  0.3901,  0.0143, -0.1004], device='cuda:0'), UB: tensor([ 0.4999,  0.7933,  0.2329,  0.4651,  0.0893, -0.0254], device='cuda:0').
[2020-05-12 09:41:56,415][INFO] Test set accuracy 0.5.
[2020-05-12 09:41:56,415][INFO] 
[0m 0s (0.059 seconds)] Starting epoch 1:
[2020-05-12 09:41:56,675][INFO] [0m 0s (0.318 seconds)] At epoch 1: avg accuracy training loss 0.6937026828527451, safe training loss 0.04361192416399717.
[2020-05-12 09:41:56,675][INFO] [0m 0s (0.318 seconds)] After epoch 1:
[2020-05-12 09:41:56,675][INFO] Loaded 3000 points for training.
[2020-05-12 09:41:56,675][INFO] Loaded 133 abstractions for training.
[2020-05-12 09:41:56,729][INFO] min loss 0.0, max loss 0.08150475472211838.
[2020-05-12 09:41:56,730][INFO] Max loss at LB: tensor([ 0.4249,  0.7183,  0.1579,  0.3901,  0.0143, -0.1004], device='cuda:0'), UB: tensor([ 0.4999,  0.7933,  0.2329,  0.4651,  0.0893, -0.0254], device='cuda:0').
[2020-05-12 09:41:56,731][INFO] Test set accuracy 0.5.
[2020-05-12 09:41:56,731][INFO] 
[0m 0s (0.374 seconds)] Starting epoch 2:
[2020-05-12 09:41:56,981][INFO] [0m 0s (0.624 seconds)] At epoch 2: avg accuracy training loss 0.6929265856742859, safe training loss 0.02127094892784953.
[2020-05-12 09:41:56,981][INFO] [0m 0s (0.624 seconds)] After epoch 2:
[2020-05-12 09:41:56,981][INFO] Loaded 3000 points for training.
[2020-05-12 09:41:56,981][INFO] Loaded 133 abstractions for training.
[2020-05-12 09:41:57,034][INFO] min loss 0.0, max loss 0.05607999116182327.
[2020-05-12 09:41:57,036][INFO] Max loss at LB: tensor([ 0.3369,  0.5064,  0.0888,  0.4090,  0.1706, -0.3282], device='cuda:0'), UB: tensor([ 0.4244,  0.5939,  0.1763,  0.4965,  0.2581, -0.2407], device='cuda:0').
[2020-05-12 09:41:57,036][INFO] Test set accuracy 0.5.
[2020-05-12 09:41:57,036][INFO] 
[0m 0s (0.680 seconds)] Starting epoch 3:
[2020-05-12 09:41:57,276][INFO] [0m 0s (0.920 seconds)] At epoch 3: avg accuracy training loss 0.692427858710289, safe training loss 0.011674939189106226.
[2020-05-12 09:41:57,277][INFO] [0m 0s (0.920 seconds)] After epoch 3:
[2020-05-12 09:41:57,277][INFO] Loaded 3000 points for training.
[2020-05-12 09:41:57,277][INFO] Loaded 133 abstractions for training.
[2020-05-12 09:41:57,330][INFO] min loss 0.0, max loss 0.03156271576881409.
[2020-05-12 09:41:57,331][INFO] Max loss at LB: tensor([-0.0442,  0.0396,  0.2510,  0.3956,  0.1278, -0.2385], device='cuda:0'), UB: tensor([ 0.0496,  0.1333,  0.3448,  0.4894,  0.2216, -0.1448], device='cuda:0').
[2020-05-12 09:41:57,332][INFO] Test set accuracy 0.6423333333333333.
[2020-05-12 09:41:57,332][INFO] 
[0m 0s (0.976 seconds)] Starting epoch 4:
[2020-05-12 09:41:57,584][INFO] [0m 1s (1.227 seconds)] At epoch 4: avg accuracy training loss 0.6924764811992645, safe training loss 0.008625324117019773.
[2020-05-12 09:41:57,584][INFO] [0m 1s (1.228 seconds)] After epoch 4:
[2020-05-12 09:41:57,584][INFO] Loaded 3000 points for training.
[2020-05-12 09:41:57,584][INFO] Loaded 133 abstractions for training.
[2020-05-12 09:41:57,637][INFO] min loss 0.0, max loss 0.024952271953225136.
[2020-05-12 09:41:57,639][INFO] Max loss at LB: tensor([-0.0442,  0.0396,  0.2510,  0.3956,  0.1278, -0.2385], device='cuda:0'), UB: tensor([ 0.0496,  0.1333,  0.3448,  0.4894,  0.2216, -0.1448], device='cuda:0').
[2020-05-12 09:41:57,640][INFO] Test set accuracy 0.6606666666666666.
[2020-05-12 09:41:57,640][INFO] 
[0m 1s (1.284 seconds)] Starting epoch 5:
[2020-05-12 09:41:57,885][INFO] [0m 1s (1.528 seconds)] At epoch 5: avg accuracy training loss 0.6923162192106247, safe training loss 0.0065564303658902645.
[2020-05-12 09:41:57,885][INFO] [0m 1s (1.528 seconds)] After epoch 5:
[2020-05-12 09:41:57,885][INFO] Loaded 3000 points for training.
[2020-05-12 09:41:57,885][INFO] Loaded 133 abstractions for training.
[2020-05-12 09:41:57,939][INFO] min loss 0.0, max loss 0.02414551191031933.
[2020-05-12 09:41:57,940][INFO] Max loss at LB: tensor([ 0.3821,  0.0333,  0.0955,  0.5354, -0.1340, -0.2946], device='cuda:0'), UB: tensor([ 0.4321,  0.0833,  0.1455,  0.5854, -0.0840, -0.2446], device='cuda:0').
[2020-05-12 09:41:57,941][INFO] Test set accuracy 0.49966666666666665.
[2020-05-12 09:41:57,941][INFO] 
[0m 1s (1.584 seconds)] Starting epoch 6:
[2020-05-12 09:41:58,182][INFO] [0m 1s (1.825 seconds)] At epoch 6: avg accuracy training loss 0.692271277308464, safe training loss 0.00557148561347276.
[2020-05-12 09:41:58,182][INFO] [0m 1s (1.825 seconds)] After epoch 6:
[2020-05-12 09:41:58,182][INFO] Loaded 3000 points for training.
[2020-05-12 09:41:58,182][INFO] Loaded 133 abstractions for training.
[2020-05-12 09:41:58,235][INFO] min loss 0.0, max loss 0.022274121642112732.
[2020-05-12 09:41:58,236][INFO] Max loss at LB: tensor([ 0.1922,  0.7693,  0.1099,  0.4520, -0.0952, -0.2262], device='cuda:0'), UB: tensor([ 0.2891,  0.8662,  0.2068,  0.5489,  0.0017, -0.1293], device='cuda:0').
[2020-05-12 09:41:58,237][INFO] Test set accuracy 0.5516666666666666.
[2020-05-12 09:41:58,237][INFO] 
[0m 1s (1.880 seconds)] Starting epoch 7:
[2020-05-12 09:41:58,474][INFO] [0m 2s (2.117 seconds)] At epoch 7: avg accuracy training loss 0.6921368092298508, safe training loss 0.0049493685364723206.
[2020-05-12 09:41:58,474][INFO] [0m 2s (2.117 seconds)] After epoch 7:
[2020-05-12 09:41:58,474][INFO] Loaded 3000 points for training.
[2020-05-12 09:41:58,474][INFO] Loaded 133 abstractions for training.
[2020-05-12 09:41:58,526][INFO] min loss 0.0, max loss 0.02611967921257019.
[2020-05-12 09:41:58,527][INFO] Max loss at LB: tensor([ 0.1922,  0.7693,  0.1099,  0.4520, -0.0952, -0.2262], device='cuda:0'), UB: tensor([ 0.2891,  0.8662,  0.2068,  0.5489,  0.0017, -0.1293], device='cuda:0').
[2020-05-12 09:41:58,527][INFO] Test set accuracy 0.7786666666666666.
[2020-05-12 09:41:58,528][INFO] 
[0m 2s (2.171 seconds)] Starting epoch 8:
[2020-05-12 09:41:58,772][INFO] [0m 2s (2.415 seconds)] At epoch 8: avg accuracy training loss 0.6920420825481415, safe training loss 0.0042592406971380115.
[2020-05-12 09:41:58,772][INFO] [0m 2s (2.416 seconds)] After epoch 8:
[2020-05-12 09:41:58,772][INFO] Loaded 3000 points for training.
[2020-05-12 09:41:58,772][INFO] Loaded 133 abstractions for training.
[2020-05-12 09:41:58,824][INFO] min loss 0.0, max loss 0.020476948469877243.
[2020-05-12 09:41:58,826][INFO] Max loss at LB: tensor([ 0.3821,  0.0333,  0.0955,  0.5354, -0.1340, -0.2946], device='cuda:0'), UB: tensor([ 0.4321,  0.0833,  0.1455,  0.5854, -0.0840, -0.2446], device='cuda:0').
[2020-05-12 09:41:58,826][INFO] Test set accuracy 0.5323333333333333.
[2020-05-12 09:41:58,827][INFO] 
[0m 2s (2.470 seconds)] Starting epoch 9:
[2020-05-12 09:41:59,069][INFO] [0m 2s (2.712 seconds)] At epoch 9: avg accuracy training loss 0.6920044124126434, safe training loss 0.004119769437238574.
[2020-05-12 09:41:59,069][INFO] [0m 2s (2.712 seconds)] After epoch 9:
[2020-05-12 09:41:59,069][INFO] Loaded 3000 points for training.
[2020-05-12 09:41:59,069][INFO] Loaded 133 abstractions for training.
[2020-05-12 09:41:59,123][INFO] min loss 0.0, max loss 0.019126776605844498.
[2020-05-12 09:41:59,124][INFO] Max loss at LB: tensor([-0.0334,  0.8837,  0.0823,  0.5257, -0.1326, -0.2446], device='cuda:0'), UB: tensor([ 0.0635,  0.9805,  0.1792,  0.6226, -0.0358, -0.1477], device='cuda:0').
[2020-05-12 09:41:59,125][INFO] Test set accuracy 0.6206666666666667.
[2020-05-12 09:41:59,125][INFO] 
[0m 2s (2.768 seconds)] Starting epoch 10:
[2020-05-12 09:41:59,367][INFO] [0m 3s (3.011 seconds)] At epoch 10: avg accuracy training loss 0.6919844597578049, safe training loss 0.003578621835913509.
[2020-05-12 09:41:59,367][INFO] [0m 3s (3.011 seconds)] After epoch 10:
[2020-05-12 09:41:59,368][INFO] Loaded 3000 points for training.
[2020-05-12 09:41:59,368][INFO] Loaded 133 abstractions for training.
[2020-05-12 09:41:59,421][INFO] min loss 0.0, max loss 0.022973360493779182.
[2020-05-12 09:41:59,422][INFO] Max loss at LB: tensor([ 0.1922,  0.7693,  0.1099,  0.4520, -0.0952, -0.2262], device='cuda:0'), UB: tensor([ 0.2891,  0.8662,  0.2068,  0.5489,  0.0017, -0.1293], device='cuda:0').
[2020-05-12 09:41:59,423][INFO] Test set accuracy 0.7936666666666666.
[2020-05-12 09:41:59,423][INFO] 
[0m 3s (3.067 seconds)] Starting epoch 11:
[2020-05-12 09:41:59,665][INFO] [0m 3s (3.309 seconds)] At epoch 11: avg accuracy training loss 0.6919273883104324, safe training loss 0.003441922541242093.
[2020-05-12 09:41:59,666][INFO] [0m 3s (3.309 seconds)] After epoch 11:
[2020-05-12 09:41:59,666][INFO] Loaded 3000 points for training.
[2020-05-12 09:41:59,666][INFO] Loaded 133 abstractions for training.
[2020-05-12 09:41:59,718][INFO] min loss 0.0, max loss 0.01827313005924225.
[2020-05-12 09:41:59,720][INFO] Max loss at LB: tensor([-0.0334,  0.8837,  0.0823,  0.5257, -0.1326, -0.2446], device='cuda:0'), UB: tensor([ 0.0635,  0.9805,  0.1792,  0.6226, -0.0358, -0.1477], device='cuda:0').
[2020-05-12 09:41:59,721][INFO] Test set accuracy 0.7096666666666667.
[2020-05-12 09:41:59,721][INFO] 
[0m 3s (3.364 seconds)] Starting epoch 12:
[2020-05-12 09:41:59,954][INFO] [0m 3s (3.597 seconds)] At epoch 12: avg accuracy training loss 0.6918189823627472, safe training loss 0.0032239710562862456.
[2020-05-12 09:41:59,954][INFO] [0m 3s (3.598 seconds)] After epoch 12:
[2020-05-12 09:41:59,954][INFO] Loaded 3000 points for training.
[2020-05-12 09:41:59,954][INFO] Loaded 133 abstractions for training.
[2020-05-12 09:42:00,008][INFO] min loss 0.0, max loss 0.018777331337332726.
[2020-05-12 09:42:00,010][INFO] Max loss at LB: tensor([ 0.3821,  0.0333,  0.0955,  0.5354, -0.1340, -0.2946], device='cuda:0'), UB: tensor([ 0.4321,  0.0833,  0.1455,  0.5854, -0.0840, -0.2446], device='cuda:0').
[2020-05-12 09:42:00,010][INFO] Test set accuracy 0.588.
[2020-05-12 09:42:00,010][INFO] 
[0m 3s (3.654 seconds)] Starting epoch 13:
[2020-05-12 09:42:00,250][INFO] [0m 3s (3.893 seconds)] At epoch 13: avg accuracy training loss 0.6917907148599625, safe training loss 0.0031252095359377563.
[2020-05-12 09:42:00,250][INFO] [0m 3s (3.893 seconds)] After epoch 13:
[2020-05-12 09:42:00,250][INFO] Loaded 3000 points for training.
[2020-05-12 09:42:00,250][INFO] Loaded 133 abstractions for training.
[2020-05-12 09:42:00,302][INFO] min loss 0.0, max loss 0.01887005940079689.
[2020-05-12 09:42:00,303][INFO] Max loss at LB: tensor([-0.0334,  0.8837,  0.0823,  0.5257, -0.1326, -0.2446], device='cuda:0'), UB: tensor([ 0.0635,  0.9805,  0.1792,  0.6226, -0.0358, -0.1477], device='cuda:0').
[2020-05-12 09:42:00,304][INFO] Test set accuracy 0.7806666666666666.
[2020-05-12 09:42:00,304][INFO] 
[0m 3s (3.947 seconds)] Starting epoch 14:
[2020-05-12 09:42:00,550][INFO] [0m 4s (4.193 seconds)] At epoch 14: avg accuracy training loss 0.691795289516449, safe training loss 0.0028030802495777607.
[2020-05-12 09:42:00,550][INFO] [0m 4s (4.194 seconds)] After epoch 14:
[2020-05-12 09:42:00,550][INFO] Loaded 3000 points for training.
[2020-05-12 09:42:00,550][INFO] Loaded 133 abstractions for training.
[2020-05-12 09:42:00,606][INFO] min loss 0.0, max loss 0.016793809831142426.
[2020-05-12 09:42:00,607][INFO] Max loss at LB: tensor([ 0.3821,  0.0333,  0.0955,  0.5354, -0.1340, -0.2946], device='cuda:0'), UB: tensor([ 0.4321,  0.0833,  0.1455,  0.5854, -0.0840, -0.2446], device='cuda:0').
[2020-05-12 09:42:00,608][INFO] Test set accuracy 0.7136666666666667.
[2020-05-12 09:42:00,608][INFO] 
[0m 4s (4.251 seconds)] Starting epoch 15:
[2020-05-12 09:42:00,847][INFO] [0m 4s (4.490 seconds)] At epoch 15: avg accuracy training loss 0.6917082667350769, safe training loss 0.0025849860394373536.
[2020-05-12 09:42:00,847][INFO] [0m 4s (4.490 seconds)] After epoch 15:
[2020-05-12 09:42:00,847][INFO] Loaded 3000 points for training.
[2020-05-12 09:42:00,847][INFO] Loaded 133 abstractions for training.
[2020-05-12 09:42:00,903][INFO] min loss 0.0, max loss 0.019337289035320282.
[2020-05-12 09:42:00,904][INFO] Max loss at LB: tensor([-0.0334,  0.8837,  0.0823,  0.5257, -0.1326, -0.2446], device='cuda:0'), UB: tensor([ 0.0635,  0.9805,  0.1792,  0.6226, -0.0358, -0.1477], device='cuda:0').
[2020-05-12 09:42:00,905][INFO] Test set accuracy 0.782.
[2020-05-12 09:42:00,905][INFO] 
[0m 4s (4.549 seconds)] Starting epoch 16:
[2020-05-12 09:42:01,150][INFO] [0m 4s (4.794 seconds)] At epoch 16: avg accuracy training loss 0.6916624009609222, safe training loss 0.002696886454941705.
[2020-05-12 09:42:01,151][INFO] [0m 4s (4.794 seconds)] After epoch 16:
[2020-05-12 09:42:01,151][INFO] Loaded 3000 points for training.
[2020-05-12 09:42:01,151][INFO] Loaded 133 abstractions for training.
[2020-05-12 09:42:01,206][INFO] min loss 0.0, max loss 0.018496565520763397.
[2020-05-12 09:42:01,208][INFO] Max loss at LB: tensor([-0.0334,  0.8837,  0.0823,  0.5257, -0.1326, -0.2446], device='cuda:0'), UB: tensor([ 0.0635,  0.9805,  0.1792,  0.6226, -0.0358, -0.1477], device='cuda:0').
[2020-05-12 09:42:01,208][INFO] Test set accuracy 0.7773333333333333.
[2020-05-12 09:42:01,209][INFO] 
[0m 4s (4.852 seconds)] Starting epoch 17:
[2020-05-12 09:42:01,448][INFO] [0m 5s (5.091 seconds)] At epoch 17: avg accuracy training loss 0.6915354877710342, safe training loss 0.0025152937159873545.
[2020-05-12 09:42:01,448][INFO] [0m 5s (5.092 seconds)] After epoch 17:
[2020-05-12 09:42:01,448][INFO] Loaded 3000 points for training.
[2020-05-12 09:42:01,448][INFO] Loaded 133 abstractions for training.
[2020-05-12 09:42:01,500][INFO] min loss 0.0, max loss 0.017837325111031532.
[2020-05-12 09:42:01,502][INFO] Max loss at LB: tensor([ 0.3821,  0.0333,  0.0955,  0.5354, -0.1340, -0.2946], device='cuda:0'), UB: tensor([ 0.4321,  0.0833,  0.1455,  0.5854, -0.0840, -0.2446], device='cuda:0').
[2020-05-12 09:42:01,502][INFO] Test set accuracy 0.685.
[2020-05-12 09:42:01,502][INFO] 
[0m 5s (5.146 seconds)] Starting epoch 18:
[2020-05-12 09:42:01,746][INFO] [0m 5s (5.389 seconds)] At epoch 18: avg accuracy training loss 0.6915354877710342, safe training loss 0.0025023163470905274.
[2020-05-12 09:42:01,746][INFO] [0m 5s (5.390 seconds)] After epoch 18:
[2020-05-12 09:42:01,746][INFO] Loaded 3000 points for training.
[2020-05-12 09:42:01,746][INFO] Loaded 133 abstractions for training.
[2020-05-12 09:42:01,801][INFO] min loss 0.0, max loss 0.017130743712186813.
[2020-05-12 09:42:01,803][INFO] Max loss at LB: tensor([-0.0334,  0.8837,  0.0823,  0.5257, -0.1326, -0.2446], device='cuda:0'), UB: tensor([ 0.0635,  0.9805,  0.1792,  0.6226, -0.0358, -0.1477], device='cuda:0').
[2020-05-12 09:42:01,804][INFO] Test set accuracy 0.7783333333333333.
[2020-05-12 09:42:01,804][INFO] 
[0m 5s (5.448 seconds)] Starting epoch 19:
[2020-05-12 09:42:02,042][INFO] [0m 5s (5.686 seconds)] At epoch 19: avg accuracy training loss 0.6913802176713943, safe training loss 0.0022584690887015313.
[2020-05-12 09:42:02,043][INFO] [0m 5s (5.686 seconds)] After epoch 19:
[2020-05-12 09:42:02,043][INFO] Loaded 3000 points for training.
[2020-05-12 09:42:02,043][INFO] Loaded 133 abstractions for training.
[2020-05-12 09:42:02,098][INFO] min loss 0.0, max loss 0.01715672016143799.
[2020-05-12 09:42:02,100][INFO] Max loss at LB: tensor([ 0.3821,  0.0333,  0.0955,  0.5354, -0.1340, -0.2946], device='cuda:0'), UB: tensor([ 0.4321,  0.0833,  0.1455,  0.5854, -0.0840, -0.2446], device='cuda:0').
[2020-05-12 09:42:02,100][INFO] Test set accuracy 0.7603333333333333.
[2020-05-12 09:42:02,100][INFO] 
[0m 5s (5.744 seconds)] Starting epoch 20:
[2020-05-12 09:42:02,336][INFO] [0m 5s (5.980 seconds)] At epoch 20: avg accuracy training loss 0.6914200186729431, safe training loss 0.0022073363652452826.
[2020-05-12 09:42:02,337][INFO] [0m 5s (5.980 seconds)] After epoch 20:
[2020-05-12 09:42:02,337][INFO] Loaded 3000 points for training.
[2020-05-12 09:42:02,337][INFO] Loaded 133 abstractions for training.
[2020-05-12 09:42:02,392][INFO] min loss 0.0, max loss 0.016954753547906876.
[2020-05-12 09:42:02,394][INFO] Max loss at LB: tensor([ 0.3821,  0.0333,  0.0955,  0.5354, -0.1340, -0.2946], device='cuda:0'), UB: tensor([ 0.4321,  0.0833,  0.1455,  0.5854, -0.0840, -0.2446], device='cuda:0').
[2020-05-12 09:42:02,394][INFO] Test set accuracy 0.7803333333333333.
[2020-05-12 09:42:02,394][INFO] 
[0m 6s (6.038 seconds)] Starting epoch 21:
[2020-05-12 09:42:02,633][INFO] [0m 6s (6.277 seconds)] At epoch 21: avg accuracy training loss 0.6913082897663116, safe training loss 0.0022751912765670568.
[2020-05-12 09:42:02,633][INFO] [0m 6s (6.277 seconds)] After epoch 21:
[2020-05-12 09:42:02,633][INFO] Loaded 3000 points for training.
[2020-05-12 09:42:02,634][INFO] Loaded 133 abstractions for training.
[2020-05-12 09:42:02,689][INFO] min loss 0.0, max loss 0.01701352745294571.
[2020-05-12 09:42:02,690][INFO] Max loss at LB: tensor([ 0.3821,  0.0333,  0.0955,  0.5354, -0.1340, -0.2946], device='cuda:0'), UB: tensor([ 0.4321,  0.0833,  0.1455,  0.5854, -0.0840, -0.2446], device='cuda:0').
[2020-05-12 09:42:02,691][INFO] Test set accuracy 0.7833333333333333.
[2020-05-12 09:42:02,691][INFO] 
[0m 6s (6.335 seconds)] Starting epoch 22:
[2020-05-12 09:42:02,935][INFO] [0m 6s (6.578 seconds)] At epoch 22: avg accuracy training loss 0.6913017630577087, safe training loss 0.0021292472374625504.
[2020-05-12 09:42:02,935][INFO] [0m 6s (6.578 seconds)] After epoch 22:
[2020-05-12 09:42:02,935][INFO] Loaded 3000 points for training.
[2020-05-12 09:42:02,935][INFO] Loaded 133 abstractions for training.
[2020-05-12 09:42:02,990][INFO] min loss 0.0, max loss 0.017908426001667976.
[2020-05-12 09:42:02,992][INFO] Max loss at LB: tensor([ 0.3821,  0.0333,  0.0955,  0.5354, -0.1340, -0.2946], device='cuda:0'), UB: tensor([ 0.4321,  0.0833,  0.1455,  0.5854, -0.0840, -0.2446], device='cuda:0').
[2020-05-12 09:42:02,992][INFO] Test set accuracy 0.7656666666666667.
[2020-05-12 09:42:02,993][INFO] 
[0m 6s (6.636 seconds)] Starting epoch 23:
[2020-05-12 09:42:03,234][INFO] [0m 6s (6.877 seconds)] At epoch 23: avg accuracy training loss 0.6911767274141312, safe training loss 0.0020345175871625543.
[2020-05-12 09:42:03,234][INFO] [0m 6s (6.878 seconds)] After epoch 23:
[2020-05-12 09:42:03,234][INFO] Loaded 3000 points for training.
[2020-05-12 09:42:03,234][INFO] Loaded 133 abstractions for training.
[2020-05-12 09:42:03,289][INFO] min loss 0.0, max loss 0.017228666692972183.
[2020-05-12 09:42:03,291][INFO] Max loss at LB: tensor([ 0.3821,  0.0333,  0.0955,  0.5354, -0.1340, -0.2946], device='cuda:0'), UB: tensor([ 0.4321,  0.0833,  0.1455,  0.5854, -0.0840, -0.2446], device='cuda:0').
[2020-05-12 09:42:03,292][INFO] Test set accuracy 0.7866666666666666.
[2020-05-12 09:42:03,292][INFO] 
[0m 6s (6.935 seconds)] Starting epoch 24:
[2020-05-12 09:42:03,536][INFO] [0m 7s (7.180 seconds)] At epoch 24: avg accuracy training loss 0.6911592185497284, safe training loss 0.0018989705422427505.
[2020-05-12 09:42:03,536][INFO] [0m 7s (7.180 seconds)] After epoch 24:
[2020-05-12 09:42:03,537][INFO] Loaded 3000 points for training.
[2020-05-12 09:42:03,537][INFO] Loaded 133 abstractions for training.
[2020-05-12 09:42:03,595][INFO] min loss 0.0, max loss 0.018892966210842133.
[2020-05-12 09:42:03,597][INFO] Max loss at LB: tensor([ 0.3821,  0.0333,  0.0955,  0.5354, -0.1340, -0.2946], device='cuda:0'), UB: tensor([ 0.4321,  0.0833,  0.1455,  0.5854, -0.0840, -0.2446], device='cuda:0').
[2020-05-12 09:42:03,597][INFO] Test set accuracy 0.771.
[2020-05-12 09:42:03,597][INFO] 
[0m 7s (7.241 seconds)] Starting epoch 25:
[2020-05-12 09:42:03,840][INFO] [0m 7s (7.483 seconds)] At epoch 25: avg accuracy training loss 0.6910894364118576, safe training loss 0.001999566360609606.
[2020-05-12 09:42:03,840][INFO] [0m 7s (7.484 seconds)] After epoch 25:
[2020-05-12 09:42:03,840][INFO] Loaded 3000 points for training.
[2020-05-12 09:42:03,840][INFO] Loaded 133 abstractions for training.
[2020-05-12 09:42:03,895][INFO] min loss 0.0, max loss 0.018465876579284668.
[2020-05-12 09:42:03,897][INFO] Max loss at LB: tensor([ 0.3821,  0.0333,  0.0955,  0.5354, -0.1340, -0.2946], device='cuda:0'), UB: tensor([ 0.4321,  0.0833,  0.1455,  0.5854, -0.0840, -0.2446], device='cuda:0').
[2020-05-12 09:42:03,898][INFO] Test set accuracy 0.7853333333333333.
[2020-05-12 09:42:03,898][INFO] 
[0m 7s (7.541 seconds)] Starting epoch 26:
[2020-05-12 09:42:04,134][INFO] [0m 7s (7.777 seconds)] At epoch 26: avg accuracy training loss 0.6910414397716522, safe training loss 0.0017391589935868979.
[2020-05-12 09:42:04,134][INFO] [0m 7s (7.777 seconds)] After epoch 26:
[2020-05-12 09:42:04,134][INFO] Loaded 3000 points for training.
[2020-05-12 09:42:04,134][INFO] Loaded 133 abstractions for training.
[2020-05-12 09:42:04,190][INFO] min loss 0.0, max loss 0.018183711916208267.
[2020-05-12 09:42:04,191][INFO] Max loss at LB: tensor([ 0.3821,  0.0333,  0.0955,  0.5354, -0.1340, -0.2946], device='cuda:0'), UB: tensor([ 0.4321,  0.0833,  0.1455,  0.5854, -0.0840, -0.2446], device='cuda:0').
[2020-05-12 09:42:04,192][INFO] Test set accuracy 0.7956666666666666.
[2020-05-12 09:42:04,193][INFO] 
[0m 7s (7.836 seconds)] Starting epoch 27:
[2020-05-12 09:42:04,433][INFO] [0m 8s (8.076 seconds)] At epoch 27: avg accuracy training loss 0.6909932792186737, safe training loss 0.001693566533504054.
[2020-05-12 09:42:04,433][INFO] [0m 8s (8.076 seconds)] After epoch 27:
[2020-05-12 09:42:04,433][INFO] Loaded 3000 points for training.
[2020-05-12 09:42:04,433][INFO] Loaded 133 abstractions for training.
[2020-05-12 09:42:04,489][INFO] min loss 0.0, max loss 0.02159927412867546.
[2020-05-12 09:42:04,491][INFO] Max loss at LB: tensor([ 0.3821,  0.0333,  0.0955,  0.5354, -0.1340, -0.2946], device='cuda:0'), UB: tensor([ 0.4321,  0.0833,  0.1455,  0.5854, -0.0840, -0.2446], device='cuda:0').
[2020-05-12 09:42:04,491][INFO] Test set accuracy 0.778.
[2020-05-12 09:42:04,491][INFO] 
[0m 8s (8.135 seconds)] Starting epoch 28:
[2020-05-12 09:42:04,733][INFO] [0m 8s (8.376 seconds)] At epoch 28: avg accuracy training loss 0.6908892393112183, safe training loss 0.0017344620428048074.
[2020-05-12 09:42:04,733][INFO] [0m 8s (8.376 seconds)] After epoch 28:
[2020-05-12 09:42:04,733][INFO] Loaded 3000 points for training.
[2020-05-12 09:42:04,733][INFO] Loaded 133 abstractions for training.
[2020-05-12 09:42:04,789][INFO] min loss 0.0, max loss 0.021364452317357063.
[2020-05-12 09:42:04,790][INFO] Max loss at LB: tensor([ 0.3821,  0.0333,  0.0955,  0.5354, -0.1340, -0.2946], device='cuda:0'), UB: tensor([ 0.4321,  0.0833,  0.1455,  0.5854, -0.0840, -0.2446], device='cuda:0').
[2020-05-12 09:42:04,791][INFO] Test set accuracy 0.7953333333333333.
[2020-05-12 09:42:04,791][INFO] 
[0m 8s (8.434 seconds)] Starting epoch 29:
[2020-05-12 09:42:05,031][INFO] [0m 8s (8.674 seconds)] At epoch 29: avg accuracy training loss 0.690772294998169, safe training loss 0.001653823594097048.
[2020-05-12 09:42:05,031][INFO] [0m 8s (8.675 seconds)] After epoch 29:
[2020-05-12 09:42:05,031][INFO] Loaded 3000 points for training.
[2020-05-12 09:42:05,031][INFO] Loaded 133 abstractions for training.
[2020-05-12 09:42:05,086][INFO] min loss 0.0, max loss 0.02122480422258377.
[2020-05-12 09:42:05,088][INFO] Max loss at LB: tensor([ 0.3821,  0.0333,  0.0955,  0.5354, -0.1340, -0.2946], device='cuda:0'), UB: tensor([ 0.4321,  0.0833,  0.1455,  0.5854, -0.0840, -0.2446], device='cuda:0').
[2020-05-12 09:42:05,089][INFO] Test set accuracy 0.8003333333333333.
[2020-05-12 09:42:05,089][INFO] 
[0m 8s (8.733 seconds)] Starting epoch 30:
[2020-05-12 09:42:05,326][INFO] [0m 8s (8.970 seconds)] At epoch 30: avg accuracy training loss 0.6908088177442551, safe training loss 0.001620623836060986.
[2020-05-12 09:42:05,327][INFO] [0m 8s (8.970 seconds)] After epoch 30:
[2020-05-12 09:42:05,327][INFO] Loaded 3000 points for training.
[2020-05-12 09:42:05,327][INFO] Loaded 133 abstractions for training.
[2020-05-12 09:42:05,382][INFO] min loss 0.0, max loss 0.02262844704091549.
[2020-05-12 09:42:05,384][INFO] Max loss at LB: tensor([ 0.3821,  0.0333,  0.0955,  0.5354, -0.1340, -0.2946], device='cuda:0'), UB: tensor([ 0.4321,  0.0833,  0.1455,  0.5854, -0.0840, -0.2446], device='cuda:0').
[2020-05-12 09:42:05,385][INFO] Test set accuracy 0.783.
[2020-05-12 09:42:05,385][INFO] 
[0m 9s (9.028 seconds)] Starting epoch 31:
[2020-05-12 09:42:05,626][INFO] [0m 9s (9.269 seconds)] At epoch 31: avg accuracy training loss 0.6905646473169327, safe training loss 0.0015689185820519924.
[2020-05-12 09:42:05,626][INFO] [0m 9s (9.269 seconds)] After epoch 31:
[2020-05-12 09:42:05,626][INFO] Loaded 3000 points for training.
[2020-05-12 09:42:05,626][INFO] Loaded 133 abstractions for training.
[2020-05-12 09:42:05,682][INFO] min loss 0.0, max loss 0.022492166608572006.
[2020-05-12 09:42:05,684][INFO] Max loss at LB: tensor([ 0.3821,  0.0333,  0.0955,  0.5354, -0.1340, -0.2946], device='cuda:0'), UB: tensor([ 0.4321,  0.0833,  0.1455,  0.5854, -0.0840, -0.2446], device='cuda:0').
[2020-05-12 09:42:05,684][INFO] Test set accuracy 0.796.
[2020-05-12 09:42:05,684][INFO] 
[0m 9s (9.328 seconds)] Starting epoch 32:
[2020-05-12 09:42:05,926][INFO] [0m 9s (9.570 seconds)] At epoch 32: avg accuracy training loss 0.6906009167432785, safe training loss 0.001543562044389546.
[2020-05-12 09:42:05,927][INFO] [0m 9s (9.570 seconds)] After epoch 32:
[2020-05-12 09:42:05,927][INFO] Loaded 3000 points for training.
[2020-05-12 09:42:05,927][INFO] Loaded 133 abstractions for training.
[2020-05-12 09:42:05,982][INFO] min loss 0.0, max loss 0.021569818258285522.
[2020-05-12 09:42:05,983][INFO] Max loss at LB: tensor([ 0.3821,  0.0333,  0.0955,  0.5354, -0.1340, -0.2946], device='cuda:0'), UB: tensor([ 0.4321,  0.0833,  0.1455,  0.5854, -0.0840, -0.2446], device='cuda:0').
[2020-05-12 09:42:05,984][INFO] Test set accuracy 0.8023333333333333.
[2020-05-12 09:42:05,985][INFO] 
[0m 9s (9.628 seconds)] Starting epoch 33:
[2020-05-12 09:42:06,220][INFO] [0m 9s (9.863 seconds)] At epoch 33: avg accuracy training loss 0.6904911398887634, safe training loss 0.0016684373549651355.
[2020-05-12 09:42:06,220][INFO] [0m 9s (9.864 seconds)] After epoch 33:
[2020-05-12 09:42:06,220][INFO] Loaded 3000 points for training.
[2020-05-12 09:42:06,220][INFO] Loaded 133 abstractions for training.
[2020-05-12 09:42:06,276][INFO] min loss 0.0, max loss 0.024832630529999733.
[2020-05-12 09:42:06,278][INFO] Max loss at LB: tensor([ 0.3821,  0.0333,  0.0955,  0.5354, -0.1340, -0.2946], device='cuda:0'), UB: tensor([ 0.4321,  0.0833,  0.1455,  0.5854, -0.0840, -0.2446], device='cuda:0').
[2020-05-12 09:42:06,278][INFO] Test set accuracy 0.7626666666666667.
[2020-05-12 09:42:06,279][INFO] 
[0m 9s (9.922 seconds)] Starting epoch 34:
[2020-05-12 09:42:06,518][INFO] [0m 10s (10.162 seconds)] At epoch 34: avg accuracy training loss 0.6902375370264053, safe training loss 0.0017945714644156396.
[2020-05-12 09:42:06,519][INFO] [0m 10s (10.162 seconds)] After epoch 34:
[2020-05-12 09:42:06,519][INFO] Loaded 3000 points for training.
[2020-05-12 09:42:06,519][INFO] Loaded 133 abstractions for training.
[2020-05-12 09:42:06,573][INFO] min loss 0.0, max loss 0.022098004817962646.
[2020-05-12 09:42:06,575][INFO] Max loss at LB: tensor([ 0.3821,  0.0333,  0.0955,  0.5354, -0.1340, -0.2946], device='cuda:0'), UB: tensor([ 0.4321,  0.0833,  0.1455,  0.5854, -0.0840, -0.2446], device='cuda:0').
[2020-05-12 09:42:06,575][INFO] Test set accuracy 0.81.
[2020-05-12 09:42:06,575][INFO] 
[0m 10s (10.219 seconds)] Starting epoch 35:
[2020-05-12 09:42:06,820][INFO] [0m 10s (10.463 seconds)] At epoch 35: avg accuracy training loss 0.6901238262653351, safe training loss 0.0019000976026291028.
[2020-05-12 09:42:06,820][INFO] [0m 10s (10.463 seconds)] After epoch 35:
[2020-05-12 09:42:06,820][INFO] Loaded 3000 points for training.
[2020-05-12 09:42:06,820][INFO] Loaded 133 abstractions for training.
[2020-05-12 09:42:06,874][INFO] min loss 0.0, max loss 0.02931843139231205.
[2020-05-12 09:42:06,875][INFO] Max loss at LB: tensor([ 0.3821,  0.0333,  0.0955,  0.5354, -0.1340, -0.2946], device='cuda:0'), UB: tensor([ 0.4321,  0.0833,  0.1455,  0.5854, -0.0840, -0.2446], device='cuda:0').
[2020-05-12 09:42:06,876][INFO] Test set accuracy 0.6283333333333333.
[2020-05-12 09:42:06,876][INFO] 
[0m 10s (10.519 seconds)] Starting epoch 36:
[2020-05-12 09:42:07,121][INFO] [0m 10s (10.764 seconds)] At epoch 36: avg accuracy training loss 0.6898485720157623, safe training loss 0.001586825484992005.
[2020-05-12 09:42:07,121][INFO] [0m 10s (10.764 seconds)] After epoch 36:
[2020-05-12 09:42:07,121][INFO] Loaded 3000 points for training.
[2020-05-12 09:42:07,121][INFO] Loaded 133 abstractions for training.
[2020-05-12 09:42:07,172][INFO] min loss 0.0, max loss 0.02431456185877323.
[2020-05-12 09:42:07,174][INFO] Max loss at LB: tensor([ 0.3821,  0.0333,  0.0955,  0.5354, -0.1340, -0.2946], device='cuda:0'), UB: tensor([ 0.4321,  0.0833,  0.1455,  0.5854, -0.0840, -0.2446], device='cuda:0').
[2020-05-12 09:42:07,174][INFO] Test set accuracy 0.8083333333333333.
[2020-05-12 09:42:07,175][INFO] 
[0m 10s (10.818 seconds)] Starting epoch 37:
[2020-05-12 09:42:07,416][INFO] [0m 11s (11.060 seconds)] At epoch 37: avg accuracy training loss 0.6897575557231903, safe training loss 0.0016257127936114557.
[2020-05-12 09:42:07,417][INFO] [0m 11s (11.060 seconds)] After epoch 37:
[2020-05-12 09:42:07,417][INFO] Loaded 3000 points for training.
[2020-05-12 09:42:07,417][INFO] Loaded 133 abstractions for training.
[2020-05-12 09:42:07,468][INFO] min loss 0.0, max loss 0.027949778363108635.
[2020-05-12 09:42:07,470][INFO] Max loss at LB: tensor([ 0.3821,  0.0333,  0.0955,  0.5354, -0.1340, -0.2946], device='cuda:0'), UB: tensor([ 0.4321,  0.0833,  0.1455,  0.5854, -0.0840, -0.2446], device='cuda:0').
[2020-05-12 09:42:07,470][INFO] Test set accuracy 0.791.
[2020-05-12 09:42:07,470][INFO] 
[0m 11s (11.114 seconds)] Starting epoch 38:
[2020-05-12 09:42:07,719][INFO] [0m 11s (11.362 seconds)] At epoch 38: avg accuracy training loss 0.6898596286773682, safe training loss 0.001507906141341664.
[2020-05-12 09:42:07,719][INFO] [0m 11s (11.362 seconds)] After epoch 38:
[2020-05-12 09:42:07,719][INFO] Loaded 3000 points for training.
[2020-05-12 09:42:07,719][INFO] Loaded 133 abstractions for training.
[2020-05-12 09:42:07,773][INFO] min loss 0.0, max loss 0.027417870238423347.
[2020-05-12 09:42:07,775][INFO] Max loss at LB: tensor([ 0.3821,  0.0333,  0.0955,  0.5354, -0.1340, -0.2946], device='cuda:0'), UB: tensor([ 0.4321,  0.0833,  0.1455,  0.5854, -0.0840, -0.2446], device='cuda:0').
[2020-05-12 09:42:07,775][INFO] Test set accuracy 0.8023333333333333.
[2020-05-12 09:42:07,776][INFO] 
[0m 11s (11.419 seconds)] Starting epoch 39:
[2020-05-12 09:42:08,018][INFO] [0m 11s (11.661 seconds)] At epoch 39: avg accuracy training loss 0.68962162733078, safe training loss 0.0014704118948429823.
[2020-05-12 09:42:08,018][INFO] [0m 11s (11.662 seconds)] After epoch 39:
[2020-05-12 09:42:08,018][INFO] Loaded 3000 points for training.
[2020-05-12 09:42:08,018][INFO] Loaded 133 abstractions for training.
[2020-05-12 09:42:08,074][INFO] min loss 0.0, max loss 0.02907036989927292.
[2020-05-12 09:42:08,076][INFO] Max loss at LB: tensor([ 0.3821,  0.0333,  0.0955,  0.5354, -0.1340, -0.2946], device='cuda:0'), UB: tensor([ 0.4321,  0.0833,  0.1455,  0.5854, -0.0840, -0.2446], device='cuda:0').
[2020-05-12 09:42:08,077][INFO] Test set accuracy 0.8016666666666666.
[2020-05-12 09:42:08,077][INFO] 
[0m 11s (11.720 seconds)] Starting epoch 40:
[2020-05-12 09:42:08,314][INFO] [0m 11s (11.957 seconds)] At epoch 40: avg accuracy training loss 0.6895923763513565, safe training loss 0.0013515851751435548.
[2020-05-12 09:42:08,314][INFO] [0m 11s (11.957 seconds)] After epoch 40:
[2020-05-12 09:42:08,314][INFO] Loaded 3000 points for training.
[2020-05-12 09:42:08,314][INFO] Loaded 133 abstractions for training.
[2020-05-12 09:42:08,369][INFO] min loss 0.0, max loss 0.03176086023449898.
[2020-05-12 09:42:08,370][INFO] Max loss at LB: tensor([ 0.3821,  0.0333,  0.0955,  0.5354, -0.1340, -0.2946], device='cuda:0'), UB: tensor([ 0.4321,  0.0833,  0.1455,  0.5854, -0.0840, -0.2446], device='cuda:0').
[2020-05-12 09:42:08,371][INFO] Test set accuracy 0.7713333333333333.
[2020-05-12 09:42:08,371][INFO] 
[0m 12s (12.015 seconds)] Starting epoch 41:
[2020-05-12 09:42:08,613][INFO] [0m 12s (12.256 seconds)] At epoch 41: avg accuracy training loss 0.6892485022544861, safe training loss 0.0013447661767713726.
[2020-05-12 09:42:08,613][INFO] [0m 12s (12.257 seconds)] After epoch 41:
[2020-05-12 09:42:08,613][INFO] Loaded 3000 points for training.
[2020-05-12 09:42:08,613][INFO] Loaded 133 abstractions for training.
[2020-05-12 09:42:08,667][INFO] min loss 0.0, max loss 0.03099111095070839.
[2020-05-12 09:42:08,669][INFO] Max loss at LB: tensor([ 0.3821,  0.0333,  0.0955,  0.5354, -0.1340, -0.2946], device='cuda:0'), UB: tensor([ 0.4321,  0.0833,  0.1455,  0.5854, -0.0840, -0.2446], device='cuda:0').
[2020-05-12 09:42:08,669][INFO] Test set accuracy 0.8026666666666666.
[2020-05-12 09:42:08,669][INFO] 
[0m 12s (12.313 seconds)] Starting epoch 42:
[2020-05-12 09:42:08,909][INFO] [0m 12s (12.552 seconds)] At epoch 42: avg accuracy training loss 0.6888688802719116, safe training loss 0.001402154884999618.
[2020-05-12 09:42:08,909][INFO] [0m 12s (12.552 seconds)] After epoch 42:
[2020-05-12 09:42:08,909][INFO] Loaded 3000 points for training.
[2020-05-12 09:42:08,909][INFO] Loaded 133 abstractions for training.
[2020-05-12 09:42:08,964][INFO] min loss 0.0, max loss 0.03341376781463623.
[2020-05-12 09:42:08,966][INFO] Max loss at LB: tensor([ 0.3821,  0.0333,  0.0955,  0.5354, -0.1340, -0.2946], device='cuda:0'), UB: tensor([ 0.4321,  0.0833,  0.1455,  0.5854, -0.0840, -0.2446], device='cuda:0').
[2020-05-12 09:42:08,966][INFO] Test set accuracy 0.7863333333333333.
[2020-05-12 09:42:08,966][INFO] 
[0m 12s (12.610 seconds)] Starting epoch 43:
[2020-05-12 09:42:09,207][INFO] [0m 12s (12.850 seconds)] At epoch 43: avg accuracy training loss 0.6889055669307709, safe training loss 0.0014162971347104758.
[2020-05-12 09:42:09,207][INFO] [0m 12s (12.850 seconds)] After epoch 43:
[2020-05-12 09:42:09,207][INFO] Loaded 3000 points for training.
[2020-05-12 09:42:09,207][INFO] Loaded 133 abstractions for training.
[2020-05-12 09:42:09,262][INFO] min loss 0.0, max loss 0.03212812915444374.
[2020-05-12 09:42:09,264][INFO] Max loss at LB: tensor([ 0.3821,  0.0333,  0.0955,  0.5354, -0.1340, -0.2946], device='cuda:0'), UB: tensor([ 0.4321,  0.0833,  0.1455,  0.5854, -0.0840, -0.2446], device='cuda:0').
[2020-05-12 09:42:09,264][INFO] Test set accuracy 0.814.
[2020-05-12 09:42:09,266][INFO] 
[0m 12s (12.909 seconds)] Starting epoch 44:
[2020-05-12 09:42:09,506][INFO] [0m 13s (13.150 seconds)] At epoch 44: avg accuracy training loss 0.6883108168840408, safe training loss 0.0018323045806027949.
[2020-05-12 09:42:09,507][INFO] [0m 13s (13.150 seconds)] After epoch 44:
[2020-05-12 09:42:09,507][INFO] Loaded 3000 points for training.
[2020-05-12 09:42:09,507][INFO] Loaded 133 abstractions for training.
[2020-05-12 09:42:09,562][INFO] min loss 0.0, max loss 0.04004015028476715.
[2020-05-12 09:42:09,564][INFO] Max loss at LB: tensor([ 0.3821,  0.0333,  0.0955,  0.5354, -0.1340, -0.2946], device='cuda:0'), UB: tensor([ 0.4321,  0.0833,  0.1455,  0.5854, -0.0840, -0.2446], device='cuda:0').
[2020-05-12 09:42:09,564][INFO] Test set accuracy 0.763.
[2020-05-12 09:42:09,565][INFO] 
[0m 13s (13.208 seconds)] Starting epoch 45:
[2020-05-12 09:42:09,807][INFO] [0m 13s (13.450 seconds)] At epoch 45: avg accuracy training loss 0.6877786964178085, safe training loss 0.0017966901359613985.
[2020-05-12 09:42:09,807][INFO] [0m 13s (13.450 seconds)] After epoch 45:
[2020-05-12 09:42:09,807][INFO] Loaded 3000 points for training.
[2020-05-12 09:42:09,807][INFO] Loaded 133 abstractions for training.
[2020-05-12 09:42:09,863][INFO] min loss 0.0, max loss 0.0395553857088089.
[2020-05-12 09:42:09,864][INFO] Max loss at LB: tensor([ 0.3821,  0.0333,  0.0955,  0.5354, -0.1340, -0.2946], device='cuda:0'), UB: tensor([ 0.4321,  0.0833,  0.1455,  0.5854, -0.0840, -0.2446], device='cuda:0').
[2020-05-12 09:42:09,865][INFO] Test set accuracy 0.801.
[2020-05-12 09:42:09,865][INFO] 
[0m 13s (13.509 seconds)] Starting epoch 46:
[2020-05-12 09:42:10,109][INFO] [0m 13s (13.752 seconds)] At epoch 46: avg accuracy training loss 0.6875364631414413, safe training loss 0.0017752751155057922.
[2020-05-12 09:42:10,109][INFO] [0m 13s (13.753 seconds)] After epoch 46:
[2020-05-12 09:42:10,109][INFO] Loaded 3000 points for training.
[2020-05-12 09:42:10,109][INFO] Loaded 133 abstractions for training.
[2020-05-12 09:42:10,163][INFO] min loss 0.0, max loss 0.04115978628396988.
[2020-05-12 09:42:10,165][INFO] Max loss at LB: tensor([ 0.3821,  0.0333,  0.0955,  0.5354, -0.1340, -0.2946], device='cuda:0'), UB: tensor([ 0.4321,  0.0833,  0.1455,  0.5854, -0.0840, -0.2446], device='cuda:0').
[2020-05-12 09:42:10,166][INFO] Test set accuracy 0.8023333333333333.
[2020-05-12 09:42:10,166][INFO] 
[0m 13s (13.809 seconds)] Starting epoch 47:
[2020-05-12 09:42:10,404][INFO] [0m 14s (14.048 seconds)] At epoch 47: avg accuracy training loss 0.6870406717061996, safe training loss 0.0016300224524457008.
[2020-05-12 09:42:10,405][INFO] [0m 14s (14.048 seconds)] After epoch 47:
[2020-05-12 09:42:10,405][INFO] Loaded 3000 points for training.
[2020-05-12 09:42:10,405][INFO] Loaded 133 abstractions for training.
[2020-05-12 09:42:10,460][INFO] min loss 0.0, max loss 0.04539617896080017.
[2020-05-12 09:42:10,462][INFO] Max loss at LB: tensor([ 0.3821,  0.0333,  0.0955,  0.5354, -0.1340, -0.2946], device='cuda:0'), UB: tensor([ 0.4321,  0.0833,  0.1455,  0.5854, -0.0840, -0.2446], device='cuda:0').
[2020-05-12 09:42:10,462][INFO] Test set accuracy 0.7433333333333333.
[2020-05-12 09:42:10,463][INFO] 
[0m 14s (14.106 seconds)] Starting epoch 48:
[2020-05-12 09:42:10,706][INFO] [0m 14s (14.349 seconds)] At epoch 48: avg accuracy training loss 0.6867192387580872, safe training loss 0.0017244592600036412.
[2020-05-12 09:42:10,706][INFO] [0m 14s (14.349 seconds)] After epoch 48:
[2020-05-12 09:42:10,706][INFO] Loaded 3000 points for training.
[2020-05-12 09:42:10,706][INFO] Loaded 133 abstractions for training.
[2020-05-12 09:42:10,761][INFO] min loss 0.0, max loss 0.04391298070549965.
[2020-05-12 09:42:10,763][INFO] Max loss at LB: tensor([ 0.3821,  0.0333,  0.0955,  0.5354, -0.1340, -0.2946], device='cuda:0'), UB: tensor([ 0.4321,  0.0833,  0.1455,  0.5854, -0.0840, -0.2446], device='cuda:0').
[2020-05-12 09:42:10,763][INFO] Test set accuracy 0.8063333333333333.
[2020-05-12 09:42:10,763][INFO] 
[0m 14s (14.407 seconds)] Starting epoch 49:
[2020-05-12 09:42:11,008][INFO] [0m 14s (14.651 seconds)] At epoch 49: avg accuracy training loss 0.6860056072473526, safe training loss 0.0018178766767960042.
[2020-05-12 09:42:11,008][INFO] [0m 14s (14.651 seconds)] After epoch 49:
[2020-05-12 09:42:11,008][INFO] Loaded 3000 points for training.
[2020-05-12 09:42:11,008][INFO] Loaded 133 abstractions for training.
[2020-05-12 09:42:11,062][INFO] min loss 0.0, max loss 0.05387556552886963.
[2020-05-12 09:42:11,064][INFO] Max loss at LB: tensor([ 0.3821,  0.0333,  0.0955,  0.5354, -0.1340, -0.2946], device='cuda:0'), UB: tensor([ 0.4321,  0.0833,  0.1455,  0.5854, -0.0840, -0.2446], device='cuda:0').
[2020-05-12 09:42:11,064][INFO] Test set accuracy 0.7416666666666667.
[2020-05-12 09:42:11,065][INFO] 
[0m 14s (14.708 seconds)] Starting epoch 50:
[2020-05-12 09:42:11,304][INFO] [0m 14s (14.947 seconds)] At epoch 50: avg accuracy training loss 0.6853838115930557, safe training loss 0.001959067623829469.
[2020-05-12 09:42:11,304][INFO] [0m 14s (14.947 seconds)] After epoch 50:
[2020-05-12 09:42:11,304][INFO] Loaded 3000 points for training.
[2020-05-12 09:42:11,304][INFO] Loaded 133 abstractions for training.
[2020-05-12 09:42:11,358][INFO] min loss 0.0, max loss 0.05346503481268883.
[2020-05-12 09:42:11,360][INFO] Max loss at LB: tensor([ 0.3821,  0.0333,  0.0955,  0.5354, -0.1340, -0.2946], device='cuda:0'), UB: tensor([ 0.4321,  0.0833,  0.1455,  0.5854, -0.0840, -0.2446], device='cuda:0').
[2020-05-12 09:42:11,360][INFO] Test set accuracy 0.8026666666666666.
[2020-05-12 09:42:11,360][INFO] 
[0m 15s (15.004 seconds)] Starting epoch 51:
[2020-05-12 09:42:11,602][INFO] [0m 15s (15.245 seconds)] At epoch 51: avg accuracy training loss 0.6845739334821701, safe training loss 0.0020957511151209474.
[2020-05-12 09:42:11,602][INFO] [0m 15s (15.245 seconds)] After epoch 51:
[2020-05-12 09:42:11,602][INFO] Loaded 3000 points for training.
[2020-05-12 09:42:11,602][INFO] Loaded 133 abstractions for training.
[2020-05-12 09:42:11,656][INFO] min loss 0.0, max loss 0.06261971592903137.
[2020-05-12 09:42:11,658][INFO] Max loss at LB: tensor([ 0.3821,  0.0333,  0.0955,  0.5354, -0.1340, -0.2946], device='cuda:0'), UB: tensor([ 0.4321,  0.0833,  0.1455,  0.5854, -0.0840, -0.2446], device='cuda:0').
[2020-05-12 09:42:11,658][INFO] Test set accuracy 0.7823333333333333.
[2020-05-12 09:42:11,659][INFO] 
[0m 15s (15.302 seconds)] Starting epoch 52:
[2020-05-12 09:42:11,901][INFO] [0m 15s (15.545 seconds)] At epoch 52: avg accuracy training loss 0.6836525946855545, safe training loss 0.0026363977522123605.
[2020-05-12 09:42:11,902][INFO] [0m 15s (15.545 seconds)] After epoch 52:
[2020-05-12 09:42:11,902][INFO] Loaded 3000 points for training.
[2020-05-12 09:42:11,902][INFO] Loaded 133 abstractions for training.
[2020-05-12 09:42:11,955][INFO] min loss 0.0, max loss 0.06651733070611954.
[2020-05-12 09:42:11,957][INFO] Max loss at LB: tensor([ 0.3821,  0.0333,  0.0955,  0.5354, -0.1340, -0.2946], device='cuda:0'), UB: tensor([ 0.4321,  0.0833,  0.1455,  0.5854, -0.0840, -0.2446], device='cuda:0').
[2020-05-12 09:42:11,958][INFO] Test set accuracy 0.7993333333333333.
[2020-05-12 09:42:11,958][INFO] 
[0m 15s (15.601 seconds)] Starting epoch 53:
[2020-05-12 09:42:12,197][INFO] [0m 15s (15.840 seconds)] At epoch 53: avg accuracy training loss 0.6825568825006485, safe training loss 0.0029079103842377663.
[2020-05-12 09:42:12,197][INFO] [0m 15s (15.840 seconds)] After epoch 53:
[2020-05-12 09:42:12,197][INFO] Loaded 3000 points for training.
[2020-05-12 09:42:12,197][INFO] Loaded 133 abstractions for training.
[2020-05-12 09:42:12,250][INFO] min loss 0.0, max loss 0.06952662020921707.
[2020-05-12 09:42:12,252][INFO] Max loss at LB: tensor([ 0.3821,  0.0333,  0.0955,  0.5354, -0.1340, -0.2946], device='cuda:0'), UB: tensor([ 0.4321,  0.0833,  0.1455,  0.5854, -0.0840, -0.2446], device='cuda:0').
[2020-05-12 09:42:12,253][INFO] Test set accuracy 0.804.
[2020-05-12 09:42:12,253][INFO] 
[0m 15s (15.896 seconds)] Starting epoch 54:
[2020-05-12 09:42:12,488][INFO] [0m 16s (16.132 seconds)] At epoch 54: avg accuracy training loss 0.681326225399971, safe training loss 0.002768936159554869.
[2020-05-12 09:42:12,489][INFO] [0m 16s (16.132 seconds)] After epoch 54:
[2020-05-12 09:42:12,489][INFO] Loaded 3000 points for training.
[2020-05-12 09:42:12,489][INFO] Loaded 133 abstractions for training.
[2020-05-12 09:42:12,542][INFO] min loss 0.0, max loss 0.08474195003509521.
[2020-05-12 09:42:12,544][INFO] Max loss at LB: tensor([ 0.3821,  0.0333,  0.0955,  0.5354, -0.1340, -0.2946], device='cuda:0'), UB: tensor([ 0.4321,  0.0833,  0.1455,  0.5854, -0.0840, -0.2446], device='cuda:0').
[2020-05-12 09:42:12,545][INFO] Test set accuracy 0.7653333333333333.
[2020-05-12 09:42:12,545][INFO] 
[0m 16s (16.188 seconds)] Starting epoch 55:
[2020-05-12 09:42:12,784][INFO] [0m 16s (16.428 seconds)] At epoch 55: avg accuracy training loss 0.680532768368721, safe training loss 0.0026227692142128944.
[2020-05-12 09:42:12,785][INFO] [0m 16s (16.428 seconds)] After epoch 55:
[2020-05-12 09:42:12,785][INFO] Loaded 3000 points for training.
[2020-05-12 09:42:12,785][INFO] Loaded 133 abstractions for training.
[2020-05-12 09:42:12,839][INFO] min loss 0.0, max loss 0.08811476081609726.
[2020-05-12 09:42:12,840][INFO] Max loss at LB: tensor([ 0.3821,  0.0333,  0.0955,  0.5354, -0.1340, -0.2946], device='cuda:0'), UB: tensor([ 0.4321,  0.0833,  0.1455,  0.5854, -0.0840, -0.2446], device='cuda:0').
[2020-05-12 09:42:12,841][INFO] Test set accuracy 0.8006666666666666.
[2020-05-12 09:42:12,841][INFO] 
[0m 16s (16.484 seconds)] Starting epoch 56:
[2020-05-12 09:42:13,081][INFO] [0m 16s (16.724 seconds)] At epoch 56: avg accuracy training loss 0.678242027759552, safe training loss 0.002621069084852934.
[2020-05-12 09:42:13,081][INFO] [0m 16s (16.724 seconds)] After epoch 56:
[2020-05-12 09:42:13,081][INFO] Loaded 3000 points for training.
[2020-05-12 09:42:13,081][INFO] Loaded 133 abstractions for training.
[2020-05-12 09:42:13,134][INFO] min loss 0.0, max loss 0.10311566293239594.
[2020-05-12 09:42:13,136][INFO] Max loss at LB: tensor([ 0.3821,  0.0333,  0.0955,  0.5354, -0.1340, -0.2946], device='cuda:0'), UB: tensor([ 0.4321,  0.0833,  0.1455,  0.5854, -0.0840, -0.2446], device='cuda:0').
[2020-05-12 09:42:13,137][INFO] Test set accuracy 0.7616666666666667.
[2020-05-12 09:42:13,137][INFO] 
[0m 16s (16.781 seconds)] Starting epoch 57:
[2020-05-12 09:42:13,381][INFO] [0m 17s (17.024 seconds)] At epoch 57: avg accuracy training loss 0.6766666620969772, safe training loss 0.0034466812649043277.
[2020-05-12 09:42:13,381][INFO] [0m 17s (17.024 seconds)] After epoch 57:
[2020-05-12 09:42:13,381][INFO] Loaded 3000 points for training.
[2020-05-12 09:42:13,381][INFO] Loaded 133 abstractions for training.
[2020-05-12 09:42:13,434][INFO] min loss 0.0, max loss 0.10718528926372528.
[2020-05-12 09:42:13,436][INFO] Max loss at LB: tensor([ 0.3821,  0.0333,  0.0955,  0.5354, -0.1340, -0.2946], device='cuda:0'), UB: tensor([ 0.4321,  0.0833,  0.1455,  0.5854, -0.0840, -0.2446], device='cuda:0').
[2020-05-12 09:42:13,437][INFO] Test set accuracy 0.805.
[2020-05-12 09:42:13,437][INFO] 
[0m 17s (17.080 seconds)] Starting epoch 58:
[2020-05-12 09:42:13,674][INFO] [0m 17s (17.318 seconds)] At epoch 58: avg accuracy training loss 0.6746766120195389, safe training loss 0.003397635562578216.
[2020-05-12 09:42:13,674][INFO] [0m 17s (17.318 seconds)] After epoch 58:
[2020-05-12 09:42:13,674][INFO] Loaded 3000 points for training.
[2020-05-12 09:42:13,674][INFO] Loaded 133 abstractions for training.
[2020-05-12 09:42:13,730][INFO] min loss 0.0, max loss 0.12345748394727707.
[2020-05-12 09:42:13,732][INFO] Max loss at LB: tensor([ 0.3821,  0.0333,  0.0955,  0.5354, -0.1340, -0.2946], device='cuda:0'), UB: tensor([ 0.4321,  0.0833,  0.1455,  0.5854, -0.0840, -0.2446], device='cuda:0').
[2020-05-12 09:42:13,733][INFO] Test set accuracy 0.7853333333333333.
[2020-05-12 09:42:13,733][INFO] 
[0m 17s (17.376 seconds)] Starting epoch 59:
[2020-05-12 09:42:13,969][INFO] [0m 17s (17.613 seconds)] At epoch 59: avg accuracy training loss 0.6717556565999985, safe training loss 0.004463565623154864.
[2020-05-12 09:42:13,970][INFO] [0m 17s (17.613 seconds)] After epoch 59:
[2020-05-12 09:42:13,970][INFO] Loaded 3000 points for training.
[2020-05-12 09:42:13,970][INFO] Loaded 133 abstractions for training.
[2020-05-12 09:42:14,022][INFO] min loss 0.0, max loss 0.1437666118144989.
[2020-05-12 09:42:14,024][INFO] Max loss at LB: tensor([ 0.3821,  0.0333,  0.0955,  0.5354, -0.1340, -0.2946], device='cuda:0'), UB: tensor([ 0.4321,  0.0833,  0.1455,  0.5854, -0.0840, -0.2446], device='cuda:0').
[2020-05-12 09:42:14,025][INFO] Test set accuracy 0.7713333333333333.
[2020-05-12 09:42:14,025][INFO] 
[0m 17s (17.668 seconds)] Starting epoch 60:
[2020-05-12 09:42:14,262][INFO] [0m 17s (17.906 seconds)] At epoch 60: avg accuracy training loss 0.6692570149898529, safe training loss 0.004625365603715181.
[2020-05-12 09:42:14,263][INFO] [0m 17s (17.906 seconds)] After epoch 60:
[2020-05-12 09:42:14,263][INFO] Loaded 3000 points for training.
[2020-05-12 09:42:14,263][INFO] Loaded 133 abstractions for training.
[2020-05-12 09:42:14,316][INFO] min loss 0.0, max loss 0.15576215088367462.
[2020-05-12 09:42:14,318][INFO] Max loss at LB: tensor([ 0.3821,  0.0333,  0.0955,  0.5354, -0.1340, -0.2946], device='cuda:0'), UB: tensor([ 0.4321,  0.0833,  0.1455,  0.5854, -0.0840, -0.2446], device='cuda:0').
[2020-05-12 09:42:14,318][INFO] Test set accuracy 0.8083333333333333.
[2020-05-12 09:42:14,318][INFO] 
[0m 17s (17.962 seconds)] Starting epoch 61:
[2020-05-12 09:42:14,560][INFO] [0m 18s (18.203 seconds)] At epoch 61: avg accuracy training loss 0.6653458476066589, safe training loss 0.005735028942581266.
[2020-05-12 09:42:14,560][INFO] [0m 18s (18.203 seconds)] After epoch 61:
[2020-05-12 09:42:14,560][INFO] Loaded 3000 points for training.
[2020-05-12 09:42:14,560][INFO] Loaded 133 abstractions for training.
[2020-05-12 09:42:14,613][INFO] min loss 0.0, max loss 0.1913011372089386.
[2020-05-12 09:42:14,615][INFO] Max loss at LB: tensor([ 0.3821,  0.0333,  0.0955,  0.5354, -0.1340, -0.2946], device='cuda:0'), UB: tensor([ 0.4321,  0.0833,  0.1455,  0.5854, -0.0840, -0.2446], device='cuda:0').
[2020-05-12 09:42:14,616][INFO] Test set accuracy 0.779.
[2020-05-12 09:42:14,616][INFO] 
[0m 18s (18.259 seconds)] Starting epoch 62:
[2020-05-12 09:42:14,859][INFO] [0m 18s (18.502 seconds)] At epoch 62: avg accuracy training loss 0.6640396118164062, safe training loss 0.005416892061475664.
[2020-05-12 09:42:14,859][INFO] [0m 18s (18.502 seconds)] After epoch 62:
[2020-05-12 09:42:14,859][INFO] Loaded 3000 points for training.
[2020-05-12 09:42:14,859][INFO] Loaded 133 abstractions for training.
[2020-05-12 09:42:14,913][INFO] min loss 0.0, max loss 0.18220168352127075.
[2020-05-12 09:42:14,915][INFO] Max loss at LB: tensor([ 0.3821,  0.0333,  0.0955,  0.5354, -0.1340, -0.2946], device='cuda:0'), UB: tensor([ 0.4321,  0.0833,  0.1455,  0.5854, -0.0840, -0.2446], device='cuda:0').
[2020-05-12 09:42:14,916][INFO] Test set accuracy 0.802.
[2020-05-12 09:42:14,916][INFO] 
[0m 18s (18.559 seconds)] Starting epoch 63:
[2020-05-12 09:42:15,155][INFO] [0m 18s (18.799 seconds)] At epoch 63: avg accuracy training loss 0.6606731414794922, safe training loss 0.004257397056790069.
[2020-05-12 09:42:15,156][INFO] [0m 18s (18.799 seconds)] After epoch 63:
[2020-05-12 09:42:15,156][INFO] Loaded 3000 points for training.
[2020-05-12 09:42:15,156][INFO] Loaded 133 abstractions for training.
[2020-05-12 09:42:15,211][INFO] min loss 0.0, max loss 0.22619114816188812.
[2020-05-12 09:42:15,212][INFO] Max loss at LB: tensor([ 0.3821,  0.0333,  0.0955,  0.5354, -0.1340, -0.2946], device='cuda:0'), UB: tensor([ 0.4321,  0.0833,  0.1455,  0.5854, -0.0840, -0.2446], device='cuda:0').
[2020-05-12 09:42:15,213][INFO] Test set accuracy 0.719.
[2020-05-12 09:42:15,213][INFO] 
[0m 18s (18.857 seconds)] Starting epoch 64:
[2020-05-12 09:42:15,454][INFO] [0m 19s (19.097 seconds)] At epoch 64: avg accuracy training loss 0.6570371240377426, safe training loss 0.005848823813721538.
[2020-05-12 09:42:15,454][INFO] [0m 19s (19.098 seconds)] After epoch 64:
[2020-05-12 09:42:15,454][INFO] Loaded 3000 points for training.
[2020-05-12 09:42:15,454][INFO] Loaded 133 abstractions for training.
[2020-05-12 09:42:15,508][INFO] min loss 0.0, max loss 0.23690877854824066.
[2020-05-12 09:42:15,510][INFO] Max loss at LB: tensor([ 0.3821,  0.0333,  0.0955,  0.5354, -0.1340, -0.2946], device='cuda:0'), UB: tensor([ 0.4321,  0.0833,  0.1455,  0.5854, -0.0840, -0.2446], device='cuda:0').
[2020-05-12 09:42:15,510][INFO] Test set accuracy 0.8066666666666666.
[2020-05-12 09:42:15,510][INFO] 
[0m 19s (19.154 seconds)] Starting epoch 65:
[2020-05-12 09:42:15,754][INFO] [0m 19s (19.397 seconds)] At epoch 65: avg accuracy training loss 0.6507596969604492, safe training loss 0.007104050368070602.
[2020-05-12 09:42:15,754][INFO] [0m 19s (19.397 seconds)] After epoch 65:
[2020-05-12 09:42:15,754][INFO] Loaded 3000 points for training.
[2020-05-12 09:42:15,754][INFO] Loaded 133 abstractions for training.
[2020-05-12 09:42:15,808][INFO] min loss 0.0, max loss 0.25966209173202515.
[2020-05-12 09:42:15,810][INFO] Max loss at LB: tensor([ 0.3821,  0.0333,  0.0955,  0.5354, -0.1340, -0.2946], device='cuda:0'), UB: tensor([ 0.4321,  0.0833,  0.1455,  0.5854, -0.0840, -0.2446], device='cuda:0').
[2020-05-12 09:42:15,810][INFO] Test set accuracy 0.8106666666666666.
[2020-05-12 09:42:15,810][INFO] 
[0m 19s (19.453 seconds)] Starting epoch 66:
[2020-05-12 09:42:16,055][INFO] [0m 19s (19.699 seconds)] At epoch 66: avg accuracy training loss 0.6483723968267441, safe training loss 0.007667868019780144.
[2020-05-12 09:42:16,056][INFO] [0m 19s (19.699 seconds)] After epoch 66:
[2020-05-12 09:42:16,056][INFO] Loaded 3000 points for training.
[2020-05-12 09:42:16,056][INFO] Loaded 133 abstractions for training.
[2020-05-12 09:42:16,108][INFO] min loss 0.0, max loss 0.3336028456687927.
[2020-05-12 09:42:16,110][INFO] Max loss at LB: tensor([ 0.3821,  0.0333,  0.0955,  0.5354, -0.1340, -0.2946], device='cuda:0'), UB: tensor([ 0.4321,  0.0833,  0.1455,  0.5854, -0.0840, -0.2446], device='cuda:0').
[2020-05-12 09:42:16,111][INFO] Test set accuracy 0.7413333333333333.
[2020-05-12 09:42:16,111][INFO] 
[0m 19s (19.754 seconds)] Starting epoch 67:
[2020-05-12 09:42:16,351][INFO] [0m 19s (19.994 seconds)] At epoch 67: avg accuracy training loss 0.6412523239850998, safe training loss 0.008102133637294173.
[2020-05-12 09:42:16,351][INFO] [0m 19s (19.994 seconds)] After epoch 67:
[2020-05-12 09:42:16,351][INFO] Loaded 3000 points for training.
[2020-05-12 09:42:16,351][INFO] Loaded 133 abstractions for training.
[2020-05-12 09:42:16,405][INFO] min loss 0.0, max loss 0.3190798759460449.
[2020-05-12 09:42:16,406][INFO] Max loss at LB: tensor([ 0.3821,  0.0333,  0.0955,  0.5354, -0.1340, -0.2946], device='cuda:0'), UB: tensor([ 0.4321,  0.0833,  0.1455,  0.5854, -0.0840, -0.2446], device='cuda:0').
[2020-05-12 09:42:16,407][INFO] Test set accuracy 0.8173333333333334.
[2020-05-12 09:42:16,408][INFO] 
[0m 20s (20.051 seconds)] Starting epoch 68:
[2020-05-12 09:42:16,645][INFO] [0m 20s (20.288 seconds)] At epoch 68: avg accuracy training loss 0.6378922164440155, safe training loss 0.008693504787515849.
[2020-05-12 09:42:16,645][INFO] [0m 20s (20.288 seconds)] After epoch 68:
[2020-05-12 09:42:16,645][INFO] Loaded 3000 points for training.
[2020-05-12 09:42:16,645][INFO] Loaded 133 abstractions for training.
[2020-05-12 09:42:16,698][INFO] min loss 0.0, max loss 0.4095141589641571.
[2020-05-12 09:42:16,700][INFO] Max loss at LB: tensor([ 0.3821,  0.0333,  0.0955,  0.5354, -0.1340, -0.2946], device='cuda:0'), UB: tensor([ 0.4321,  0.0833,  0.1455,  0.5854, -0.0840, -0.2446], device='cuda:0').
[2020-05-12 09:42:16,701][INFO] Test set accuracy 0.75.
[2020-05-12 09:42:16,701][INFO] 
[0m 20s (20.344 seconds)] Starting epoch 69:
[2020-05-12 09:42:16,945][INFO] [0m 20s (20.589 seconds)] At epoch 69: avg accuracy training loss 0.6306873708963394, safe training loss 0.009290384594351053.
[2020-05-12 09:42:16,946][INFO] [0m 20s (20.589 seconds)] After epoch 69:
[2020-05-12 09:42:16,946][INFO] Loaded 3000 points for training.
[2020-05-12 09:42:16,946][INFO] Loaded 133 abstractions for training.
[2020-05-12 09:42:16,999][INFO] min loss 0.0, max loss 0.4020281732082367.
[2020-05-12 09:42:17,001][INFO] Max loss at LB: tensor([ 0.3821,  0.0333,  0.0955,  0.5354, -0.1340, -0.2946], device='cuda:0'), UB: tensor([ 0.4321,  0.0833,  0.1455,  0.5854, -0.0840, -0.2446], device='cuda:0').
[2020-05-12 09:42:17,001][INFO] Test set accuracy 0.8143333333333334.
[2020-05-12 09:42:17,001][INFO] 
[0m 20s (20.645 seconds)] Starting epoch 70:
[2020-05-12 09:42:17,234][INFO] [0m 20s (20.878 seconds)] At epoch 70: avg accuracy training loss 0.6271684765815735, safe training loss 0.009392097475938499.
[2020-05-12 09:42:17,235][INFO] [0m 20s (20.878 seconds)] After epoch 70:
[2020-05-12 09:42:17,235][INFO] Loaded 3000 points for training.
[2020-05-12 09:42:17,235][INFO] Loaded 133 abstractions for training.
[2020-05-12 09:42:17,288][INFO] min loss 0.0, max loss 0.4648108184337616.
[2020-05-12 09:42:17,290][INFO] Max loss at LB: tensor([ 0.3821,  0.0333,  0.0955,  0.5354, -0.1340, -0.2946], device='cuda:0'), UB: tensor([ 0.4321,  0.0833,  0.1455,  0.5854, -0.0840, -0.2446], device='cuda:0').
[2020-05-12 09:42:17,291][INFO] Test set accuracy 0.8103333333333333.
[2020-05-12 09:42:17,291][INFO] 
[0m 20s (20.934 seconds)] Starting epoch 71:
[2020-05-12 09:42:17,537][INFO] [0m 21s (21.180 seconds)] At epoch 71: avg accuracy training loss 0.6219703704118729, safe training loss 0.010115371434949338.
[2020-05-12 09:42:17,537][INFO] [0m 21s (21.180 seconds)] After epoch 71:
[2020-05-12 09:42:17,537][INFO] Loaded 3000 points for training.
[2020-05-12 09:42:17,537][INFO] Loaded 133 abstractions for training.
[2020-05-12 09:42:17,591][INFO] min loss 0.0, max loss 0.5188368558883667.
[2020-05-12 09:42:17,592][INFO] Max loss at LB: tensor([ 0.3821,  0.0333,  0.0955,  0.5354, -0.1340, -0.2946], device='cuda:0'), UB: tensor([ 0.4321,  0.0833,  0.1455,  0.5854, -0.0840, -0.2446], device='cuda:0').
[2020-05-12 09:42:17,593][INFO] Test set accuracy 0.807.
[2020-05-12 09:42:17,593][INFO] 
[0m 21s (21.236 seconds)] Starting epoch 72:
[2020-05-12 09:42:17,834][INFO] [0m 21s (21.478 seconds)] At epoch 72: avg accuracy training loss 0.6214323341846466, safe training loss 0.009618408454116434.
[2020-05-12 09:42:17,835][INFO] [0m 21s (21.478 seconds)] After epoch 72:
[2020-05-12 09:42:17,835][INFO] Loaded 3000 points for training.
[2020-05-12 09:42:17,835][INFO] Loaded 133 abstractions for training.
[2020-05-12 09:42:17,889][INFO] min loss 0.0, max loss 0.5392714738845825.
[2020-05-12 09:42:17,891][INFO] Max loss at LB: tensor([ 0.3821,  0.0333,  0.0955,  0.5354, -0.1340, -0.2946], device='cuda:0'), UB: tensor([ 0.4321,  0.0833,  0.1455,  0.5854, -0.0840, -0.2446], device='cuda:0').
[2020-05-12 09:42:17,891][INFO] Test set accuracy 0.8073333333333333.
[2020-05-12 09:42:17,891][INFO] 
[0m 21s (21.534 seconds)] Starting epoch 73:
[2020-05-12 09:42:18,131][INFO] [0m 21s (21.774 seconds)] At epoch 73: avg accuracy training loss 0.6142114549875259, safe training loss 0.010209397820290178.
[2020-05-12 09:42:18,131][INFO] [0m 21s (21.774 seconds)] After epoch 73:
[2020-05-12 09:42:18,131][INFO] Loaded 3000 points for training.
[2020-05-12 09:42:18,131][INFO] Loaded 133 abstractions for training.
[2020-05-12 09:42:18,184][INFO] min loss 0.0, max loss 0.5923976898193359.
[2020-05-12 09:42:18,186][INFO] Max loss at LB: tensor([ 0.3821,  0.0333,  0.0955,  0.5354, -0.1340, -0.2946], device='cuda:0'), UB: tensor([ 0.4321,  0.0833,  0.1455,  0.5854, -0.0840, -0.2446], device='cuda:0').
[2020-05-12 09:42:18,186][INFO] Test set accuracy 0.8076666666666666.
[2020-05-12 09:42:18,186][INFO] 
[0m 21s (21.830 seconds)] Starting epoch 74:
[2020-05-12 09:42:18,427][INFO] [0m 22s (22.070 seconds)] At epoch 74: avg accuracy training loss 0.6145080029964447, safe training loss 0.012326053401920944.
[2020-05-12 09:42:18,427][INFO] [0m 22s (22.071 seconds)] After epoch 74:
[2020-05-12 09:42:18,427][INFO] Loaded 3000 points for training.
[2020-05-12 09:42:18,427][INFO] Loaded 133 abstractions for training.
[2020-05-12 09:42:18,481][INFO] min loss 0.0, max loss 0.6227314472198486.
[2020-05-12 09:42:18,483][INFO] Max loss at LB: tensor([ 0.3821,  0.0333,  0.0955,  0.5354, -0.1340, -0.2946], device='cuda:0'), UB: tensor([ 0.4321,  0.0833,  0.1455,  0.5854, -0.0840, -0.2446], device='cuda:0').
[2020-05-12 09:42:18,484][INFO] Test set accuracy 0.821.
[2020-05-12 09:42:18,484][INFO] 
[0m 22s (22.127 seconds)] Starting epoch 75:
[2020-05-12 09:42:18,728][INFO] [0m 22s (22.371 seconds)] At epoch 75: avg accuracy training loss 0.6083897352218628, safe training loss 0.011093678884208202.
[2020-05-12 09:42:18,728][INFO] [0m 22s (22.371 seconds)] After epoch 75:
[2020-05-12 09:42:18,728][INFO] Loaded 3000 points for training.
[2020-05-12 09:42:18,728][INFO] Loaded 133 abstractions for training.
[2020-05-12 09:42:18,784][INFO] min loss 0.0, max loss 0.6090587377548218.
[2020-05-12 09:42:18,786][INFO] Max loss at LB: tensor([ 0.3821,  0.0333,  0.0955,  0.5354, -0.1340, -0.2946], device='cuda:0'), UB: tensor([ 0.4321,  0.0833,  0.1455,  0.5854, -0.0840, -0.2446], device='cuda:0').
[2020-05-12 09:42:18,786][INFO] Test set accuracy 0.822.
[2020-05-12 09:42:18,787][INFO] 
[0m 22s (22.430 seconds)] Starting epoch 76:
[2020-05-12 09:42:19,025][INFO] [0m 22s (22.668 seconds)] At epoch 76: avg accuracy training loss 0.6079912483692169, safe training loss 0.010310059384210035.
[2020-05-12 09:42:19,025][INFO] [0m 22s (22.668 seconds)] After epoch 76:
[2020-05-12 09:42:19,025][INFO] Loaded 3000 points for training.
[2020-05-12 09:42:19,025][INFO] Loaded 133 abstractions for training.
[2020-05-12 09:42:19,079][INFO] min loss 0.0, max loss 0.6303621530532837.
[2020-05-12 09:42:19,081][INFO] Max loss at LB: tensor([ 0.3821,  0.0333,  0.0955,  0.5354, -0.1340, -0.2946], device='cuda:0'), UB: tensor([ 0.4321,  0.0833,  0.1455,  0.5854, -0.0840, -0.2446], device='cuda:0').
[2020-05-12 09:42:19,081][INFO] Test set accuracy 0.8233333333333334.
[2020-05-12 09:42:19,082][INFO] 
[0m 22s (22.725 seconds)] Starting epoch 77:
[2020-05-12 09:42:19,325][INFO] [0m 22s (22.968 seconds)] At epoch 77: avg accuracy training loss 0.5988053977489471, safe training loss 0.012483051570598036.
[2020-05-12 09:42:19,325][INFO] [0m 22s (22.968 seconds)] After epoch 77:
[2020-05-12 09:42:19,325][INFO] Loaded 3000 points for training.
[2020-05-12 09:42:19,325][INFO] Loaded 133 abstractions for training.
[2020-05-12 09:42:19,379][INFO] min loss 0.0, max loss 0.7053089141845703.
[2020-05-12 09:42:19,380][INFO] Max loss at LB: tensor([ 0.3821,  0.0333,  0.0955,  0.5354, -0.1340, -0.2946], device='cuda:0'), UB: tensor([ 0.4321,  0.0833,  0.1455,  0.5854, -0.0840, -0.2446], device='cuda:0').
[2020-05-12 09:42:19,381][INFO] Test set accuracy 0.819.
[2020-05-12 09:42:19,381][INFO] 
[0m 23s (23.024 seconds)] Starting epoch 78:
[2020-05-12 09:42:19,620][INFO] [0m 23s (23.263 seconds)] At epoch 78: avg accuracy training loss 0.6046736389398575, safe training loss 0.013292099058162421.
[2020-05-12 09:42:19,620][INFO] [0m 23s (23.263 seconds)] After epoch 78:
[2020-05-12 09:42:19,620][INFO] Loaded 3000 points for training.
[2020-05-12 09:42:19,620][INFO] Loaded 133 abstractions for training.
[2020-05-12 09:42:19,673][INFO] min loss 0.0, max loss 0.6434311270713806.
[2020-05-12 09:42:19,675][INFO] Max loss at LB: tensor([ 0.3821,  0.0333,  0.0955,  0.5354, -0.1340, -0.2946], device='cuda:0'), UB: tensor([ 0.4321,  0.0833,  0.1455,  0.5854, -0.0840, -0.2446], device='cuda:0').
[2020-05-12 09:42:19,675][INFO] Test set accuracy 0.8213333333333334.
[2020-05-12 09:42:19,676][INFO] 
[0m 23s (23.319 seconds)] Starting epoch 79:
[2020-05-12 09:42:19,916][INFO] [0m 23s (23.559 seconds)] At epoch 79: avg accuracy training loss 0.6040746718645096, safe training loss 0.010137750738067552.
[2020-05-12 09:42:19,916][INFO] [0m 23s (23.559 seconds)] After epoch 79:
[2020-05-12 09:42:19,916][INFO] Loaded 3000 points for training.
[2020-05-12 09:42:19,916][INFO] Loaded 133 abstractions for training.
[2020-05-12 09:42:19,970][INFO] min loss 0.0, max loss 0.558708131313324.
[2020-05-12 09:42:19,972][INFO] Max loss at LB: tensor([ 0.3821,  0.0333,  0.0955,  0.5354, -0.1340, -0.2946], device='cuda:0'), UB: tensor([ 0.4321,  0.0833,  0.1455,  0.5854, -0.0840, -0.2446], device='cuda:0').
[2020-05-12 09:42:19,972][INFO] Test set accuracy 0.8176666666666667.
[2020-05-12 09:42:19,972][INFO] 
[0m 23s (23.615 seconds)] Starting epoch 80:
[2020-05-12 09:42:20,207][INFO] [0m 23s (23.850 seconds)] At epoch 80: avg accuracy training loss 0.5969671756029129, safe training loss 0.008757152827456594.
[2020-05-12 09:42:20,207][INFO] [0m 23s (23.850 seconds)] After epoch 80:
[2020-05-12 09:42:20,207][INFO] Loaded 3000 points for training.
[2020-05-12 09:42:20,207][INFO] Loaded 133 abstractions for training.
[2020-05-12 09:42:20,260][INFO] min loss 0.0, max loss 0.5770149827003479.
[2020-05-12 09:42:20,261][INFO] Max loss at LB: tensor([ 0.3821,  0.0333,  0.0955,  0.5354, -0.1340, -0.2946], device='cuda:0'), UB: tensor([ 0.4321,  0.0833,  0.1455,  0.5854, -0.0840, -0.2446], device='cuda:0').
[2020-05-12 09:42:20,262][INFO] Test set accuracy 0.833.
[2020-05-12 09:42:20,262][INFO] 
[0m 23s (23.906 seconds)] Starting epoch 81:
[2020-05-12 09:42:20,501][INFO] [0m 24s (24.144 seconds)] At epoch 81: avg accuracy training loss 0.5932496339082718, safe training loss 0.009214505553245544.
[2020-05-12 09:42:20,501][INFO] [0m 24s (24.144 seconds)] After epoch 81:
[2020-05-12 09:42:20,501][INFO] Loaded 3000 points for training.
[2020-05-12 09:42:20,501][INFO] Loaded 133 abstractions for training.
[2020-05-12 09:42:20,555][INFO] min loss 0.0, max loss 0.6418964862823486.
[2020-05-12 09:42:20,556][INFO] Max loss at LB: tensor([ 0.3821,  0.0333,  0.0955,  0.5354, -0.1340, -0.2946], device='cuda:0'), UB: tensor([ 0.4321,  0.0833,  0.1455,  0.5854, -0.0840, -0.2446], device='cuda:0').
[2020-05-12 09:42:20,557][INFO] Test set accuracy 0.8243333333333334.
[2020-05-12 09:42:20,557][INFO] 
[0m 24s (24.201 seconds)] Starting epoch 82:
[2020-05-12 09:42:20,801][INFO] [0m 24s (24.444 seconds)] At epoch 82: avg accuracy training loss 0.5895048379898071, safe training loss 0.0111054863082245.
[2020-05-12 09:42:20,801][INFO] [0m 24s (24.444 seconds)] After epoch 82:
[2020-05-12 09:42:20,801][INFO] Loaded 3000 points for training.
[2020-05-12 09:42:20,801][INFO] Loaded 133 abstractions for training.
[2020-05-12 09:42:20,854][INFO] min loss 0.0, max loss 0.6284623742103577.
[2020-05-12 09:42:20,856][INFO] Max loss at LB: tensor([ 0.3821,  0.0333,  0.0955,  0.5354, -0.1340, -0.2946], device='cuda:0'), UB: tensor([ 0.4321,  0.0833,  0.1455,  0.5854, -0.0840, -0.2446], device='cuda:0').
[2020-05-12 09:42:20,857][INFO] Test set accuracy 0.83.
[2020-05-12 09:42:20,857][INFO] 
[0m 24s (24.500 seconds)] Starting epoch 83:
[2020-05-12 09:42:21,098][INFO] [0m 24s (24.741 seconds)] At epoch 83: avg accuracy training loss 0.5893226116895676, safe training loss 0.010100120678544044.
[2020-05-12 09:42:21,098][INFO] [0m 24s (24.741 seconds)] After epoch 83:
[2020-05-12 09:42:21,098][INFO] Loaded 3000 points for training.
[2020-05-12 09:42:21,098][INFO] Loaded 133 abstractions for training.
[2020-05-12 09:42:21,151][INFO] min loss 0.0, max loss 0.5642853379249573.
[2020-05-12 09:42:21,153][INFO] Max loss at LB: tensor([ 0.3821,  0.0333,  0.0955,  0.5354, -0.1340, -0.2946], device='cuda:0'), UB: tensor([ 0.4321,  0.0833,  0.1455,  0.5854, -0.0840, -0.2446], device='cuda:0').
[2020-05-12 09:42:21,153][INFO] Test set accuracy 0.842.
[2020-05-12 09:42:21,154][INFO] 
[0m 24s (24.797 seconds)] Starting epoch 84:
[2020-05-12 09:42:21,395][INFO] [0m 25s (25.038 seconds)] At epoch 84: avg accuracy training loss 0.5920014083385468, safe training loss 0.008911368786357343.
[2020-05-12 09:42:21,395][INFO] [0m 25s (25.039 seconds)] After epoch 84:
[2020-05-12 09:42:21,395][INFO] Loaded 3000 points for training.
[2020-05-12 09:42:21,395][INFO] Loaded 133 abstractions for training.
[2020-05-12 09:42:21,449][INFO] min loss 0.0, max loss 0.5398669242858887.
[2020-05-12 09:42:21,451][INFO] Max loss at LB: tensor([ 0.3821,  0.0333,  0.0955,  0.5354, -0.1340, -0.2946], device='cuda:0'), UB: tensor([ 0.4321,  0.0833,  0.1455,  0.5854, -0.0840, -0.2446], device='cuda:0').
[2020-05-12 09:42:21,451][INFO] Test set accuracy 0.8463333333333334.
[2020-05-12 09:42:21,452][INFO] 
[0m 25s (25.095 seconds)] Starting epoch 85:
[2020-05-12 09:42:21,686][INFO] [0m 25s (25.329 seconds)] At epoch 85: avg accuracy training loss 0.5860512852668762, safe training loss 0.009336825110949576.
[2020-05-12 09:42:21,686][INFO] [0m 25s (25.329 seconds)] After epoch 85:
[2020-05-12 09:42:21,686][INFO] Loaded 3000 points for training.
[2020-05-12 09:42:21,686][INFO] Loaded 133 abstractions for training.
[2020-05-12 09:42:21,740][INFO] min loss 0.0, max loss 0.5739970803260803.
[2020-05-12 09:42:21,742][INFO] Max loss at LB: tensor([ 0.3821,  0.0333,  0.0955,  0.5354, -0.1340, -0.2946], device='cuda:0'), UB: tensor([ 0.4321,  0.0833,  0.1455,  0.5854, -0.0840, -0.2446], device='cuda:0').
[2020-05-12 09:42:21,742][INFO] Test set accuracy 0.834.
[2020-05-12 09:42:21,742][INFO] 
[0m 25s (25.386 seconds)] Starting epoch 86:
[2020-05-12 09:42:21,986][INFO] [0m 25s (25.630 seconds)] At epoch 86: avg accuracy training loss 0.5889051258563995, safe training loss 0.011001397797372192.
[2020-05-12 09:42:21,986][INFO] [0m 25s (25.630 seconds)] After epoch 86:
[2020-05-12 09:42:21,986][INFO] Loaded 3000 points for training.
[2020-05-12 09:42:21,987][INFO] Loaded 133 abstractions for training.
[2020-05-12 09:42:22,040][INFO] min loss 0.0, max loss 0.558681070804596.
[2020-05-12 09:42:22,041][INFO] Max loss at LB: tensor([ 0.3821,  0.0333,  0.0955,  0.5354, -0.1340, -0.2946], device='cuda:0'), UB: tensor([ 0.4321,  0.0833,  0.1455,  0.5854, -0.0840, -0.2446], device='cuda:0').
[2020-05-12 09:42:22,042][INFO] Test set accuracy 0.834.
[2020-05-12 09:42:22,042][INFO] 
[0m 25s (25.686 seconds)] Starting epoch 87:
[2020-05-12 09:42:22,280][INFO] [0m 25s (25.924 seconds)] At epoch 87: avg accuracy training loss 0.5870493203401566, safe training loss 0.012894014827907085.
[2020-05-12 09:42:22,281][INFO] [0m 25s (25.924 seconds)] After epoch 87:
[2020-05-12 09:42:22,281][INFO] Loaded 3000 points for training.
[2020-05-12 09:42:22,281][INFO] Loaded 133 abstractions for training.
[2020-05-12 09:42:22,334][INFO] min loss 0.0, max loss 0.5832754969596863.
[2020-05-12 09:42:22,335][INFO] Max loss at LB: tensor([ 0.3821,  0.0333,  0.0955,  0.5354, -0.1340, -0.2946], device='cuda:0'), UB: tensor([ 0.4321,  0.0833,  0.1455,  0.5854, -0.0840, -0.2446], device='cuda:0').
[2020-05-12 09:42:22,336][INFO] Test set accuracy 0.8223333333333334.
[2020-05-12 09:42:22,336][INFO] 
[0m 25s (25.980 seconds)] Starting epoch 88:
[2020-05-12 09:42:22,572][INFO] [0m 26s (26.216 seconds)] At epoch 88: avg accuracy training loss 0.5875273048877716, safe training loss 0.00907226518029347.
[2020-05-12 09:42:22,573][INFO] [0m 26s (26.216 seconds)] After epoch 88:
[2020-05-12 09:42:22,573][INFO] Loaded 3000 points for training.
[2020-05-12 09:42:22,573][INFO] Loaded 133 abstractions for training.
[2020-05-12 09:42:22,627][INFO] min loss 0.0, max loss 0.41889688372612.
[2020-05-12 09:42:22,628][INFO] Max loss at LB: tensor([ 0.3821,  0.0333,  0.0955,  0.5354, -0.1340, -0.2946], device='cuda:0'), UB: tensor([ 0.4321,  0.0833,  0.1455,  0.5854, -0.0840, -0.2446], device='cuda:0').
[2020-05-12 09:42:22,629][INFO] Test set accuracy 0.848.
[2020-05-12 09:42:22,630][INFO] 
[0m 26s (26.273 seconds)] Starting epoch 89:
[2020-05-12 09:42:22,872][INFO] [0m 26s (26.516 seconds)] At epoch 89: avg accuracy training loss 0.5879656970500946, safe training loss 0.008669376926263794.
[2020-05-12 09:42:22,873][INFO] [0m 26s (26.516 seconds)] After epoch 89:
[2020-05-12 09:42:22,873][INFO] Loaded 3000 points for training.
[2020-05-12 09:42:22,873][INFO] Loaded 133 abstractions for training.
[2020-05-12 09:42:22,927][INFO] min loss 0.0, max loss 0.4087975323200226.
[2020-05-12 09:42:22,929][INFO] Max loss at LB: tensor([ 0.3821,  0.0333,  0.0955,  0.5354, -0.1340, -0.2946], device='cuda:0'), UB: tensor([ 0.4321,  0.0833,  0.1455,  0.5854, -0.0840, -0.2446], device='cuda:0').
[2020-05-12 09:42:22,929][INFO] Test set accuracy 0.8413333333333334.
[2020-05-12 09:42:22,929][INFO] 
[0m 26s (26.573 seconds)] Starting epoch 90:
[2020-05-12 09:42:23,168][INFO] [0m 26s (26.811 seconds)] At epoch 90: avg accuracy training loss 0.5814912468194962, safe training loss 0.008003364317119122.
[2020-05-12 09:42:23,168][INFO] [0m 26s (26.811 seconds)] After epoch 90:
[2020-05-12 09:42:23,168][INFO] Loaded 3000 points for training.
[2020-05-12 09:42:23,168][INFO] Loaded 133 abstractions for training.
[2020-05-12 09:42:23,221][INFO] min loss 0.0, max loss 0.4022175073623657.
[2020-05-12 09:42:23,223][INFO] Max loss at LB: tensor([ 0.3821,  0.0333,  0.0955,  0.5354, -0.1340, -0.2946], device='cuda:0'), UB: tensor([ 0.4321,  0.0833,  0.1455,  0.5854, -0.0840, -0.2446], device='cuda:0').
[2020-05-12 09:42:23,223][INFO] Test set accuracy 0.8463333333333334.
[2020-05-12 09:42:23,223][INFO] 
[0m 26s (26.867 seconds)] Starting epoch 91:
[2020-05-12 09:42:23,461][INFO] [0m 27s (27.105 seconds)] At epoch 91: avg accuracy training loss 0.5794326215982437, safe training loss 0.008812137879431248.
[2020-05-12 09:42:23,461][INFO] [0m 27s (27.105 seconds)] After epoch 91:
[2020-05-12 09:42:23,461][INFO] Loaded 3000 points for training.
[2020-05-12 09:42:23,462][INFO] Loaded 133 abstractions for training.
[2020-05-12 09:42:23,514][INFO] min loss 0.0, max loss 0.4347708523273468.
[2020-05-12 09:42:23,516][INFO] Max loss at LB: tensor([ 0.3821,  0.0333,  0.0955,  0.5354, -0.1340, -0.2946], device='cuda:0'), UB: tensor([ 0.4321,  0.0833,  0.1455,  0.5854, -0.0840, -0.2446], device='cuda:0').
[2020-05-12 09:42:23,517][INFO] Test set accuracy 0.8416666666666667.
[2020-05-12 09:42:23,517][INFO] 
[0m 27s (27.160 seconds)] Starting epoch 92:
[2020-05-12 09:42:23,756][INFO] [0m 27s (27.400 seconds)] At epoch 92: avg accuracy training loss 0.5841234773397446, safe training loss 0.007891522313002497.
[2020-05-12 09:42:23,756][INFO] [0m 27s (27.400 seconds)] After epoch 92:
[2020-05-12 09:42:23,756][INFO] Loaded 3000 points for training.
[2020-05-12 09:42:23,757][INFO] Loaded 133 abstractions for training.
[2020-05-12 09:42:23,810][INFO] min loss 0.0, max loss 0.3727802634239197.
[2020-05-12 09:42:23,811][INFO] Max loss at LB: tensor([ 0.3821,  0.0333,  0.0955,  0.5354, -0.1340, -0.2946], device='cuda:0'), UB: tensor([ 0.4321,  0.0833,  0.1455,  0.5854, -0.0840, -0.2446], device='cuda:0').
[2020-05-12 09:42:23,812][INFO] Test set accuracy 0.8456666666666667.
[2020-05-12 09:42:23,812][INFO] 
[0m 27s (27.456 seconds)] Starting epoch 93:
[2020-05-12 09:42:24,055][INFO] [0m 27s (27.698 seconds)] At epoch 93: avg accuracy training loss 0.58295077085495, safe training loss 0.00807109207380563.
[2020-05-12 09:42:24,055][INFO] [0m 27s (27.698 seconds)] After epoch 93:
[2020-05-12 09:42:24,055][INFO] Loaded 3000 points for training.
[2020-05-12 09:42:24,055][INFO] Loaded 133 abstractions for training.
[2020-05-12 09:42:24,108][INFO] min loss 0.0, max loss 0.370779812335968.
[2020-05-12 09:42:24,110][INFO] Max loss at LB: tensor([ 0.3821,  0.0333,  0.0955,  0.5354, -0.1340, -0.2946], device='cuda:0'), UB: tensor([ 0.4321,  0.0833,  0.1455,  0.5854, -0.0840, -0.2446], device='cuda:0').
[2020-05-12 09:42:24,110][INFO] Test set accuracy 0.8496666666666667.
[2020-05-12 09:42:24,111][INFO] 
[0m 27s (27.754 seconds)] Starting epoch 94:
[2020-05-12 09:42:24,352][INFO] [0m 27s (27.995 seconds)] At epoch 94: avg accuracy training loss 0.5822458118200302, safe training loss 0.007888895575888455.
[2020-05-12 09:42:24,352][INFO] [0m 27s (27.995 seconds)] After epoch 94:
[2020-05-12 09:42:24,352][INFO] Loaded 3000 points for training.
[2020-05-12 09:42:24,352][INFO] Loaded 133 abstractions for training.
[2020-05-12 09:42:24,405][INFO] min loss 0.0, max loss 0.3335474133491516.
[2020-05-12 09:42:24,406][INFO] Max loss at LB: tensor([ 0.3821,  0.0333,  0.0955,  0.5354, -0.1340, -0.2946], device='cuda:0'), UB: tensor([ 0.4321,  0.0833,  0.1455,  0.5854, -0.0840, -0.2446], device='cuda:0').
[2020-05-12 09:42:24,407][INFO] Test set accuracy 0.8513333333333334.
[2020-05-12 09:42:24,407][INFO] 
[0m 28s (28.051 seconds)] Starting epoch 95:
[2020-05-12 09:42:24,647][INFO] [0m 28s (28.290 seconds)] At epoch 95: avg accuracy training loss 0.5843108147382736, safe training loss 0.008309764554724097.
[2020-05-12 09:42:24,647][INFO] [0m 28s (28.291 seconds)] After epoch 95:
[2020-05-12 09:42:24,647][INFO] Loaded 3000 points for training.
[2020-05-12 09:42:24,647][INFO] Loaded 133 abstractions for training.
[2020-05-12 09:42:24,700][INFO] min loss 0.0, max loss 0.3770536780357361.
[2020-05-12 09:42:24,702][INFO] Max loss at LB: tensor([ 0.3821,  0.0333,  0.0955,  0.5354, -0.1340, -0.2946], device='cuda:0'), UB: tensor([ 0.4321,  0.0833,  0.1455,  0.5854, -0.0840, -0.2446], device='cuda:0').
[2020-05-12 09:42:24,703][INFO] Test set accuracy 0.846.
[2020-05-12 09:42:24,703][INFO] 
[0m 28s (28.346 seconds)] Starting epoch 96:
[2020-05-12 09:42:24,946][INFO] [0m 28s (28.590 seconds)] At epoch 96: avg accuracy training loss 0.5783008337020874, safe training loss 0.004854403960052878.
[2020-05-12 09:42:24,946][INFO] [0m 28s (28.590 seconds)] After epoch 96:
[2020-05-12 09:42:24,946][INFO] Loaded 3000 points for training.
[2020-05-12 09:42:24,947][INFO] Loaded 133 abstractions for training.
[2020-05-12 09:42:25,000][INFO] min loss 0.0, max loss 0.4189589023590088.
[2020-05-12 09:42:25,002][INFO] Max loss at LB: tensor([ 0.3821,  0.0333,  0.0955,  0.5354, -0.1340, -0.2946], device='cuda:0'), UB: tensor([ 0.4321,  0.0833,  0.1455,  0.5854, -0.0840, -0.2446], device='cuda:0').
[2020-05-12 09:42:25,002][INFO] Test set accuracy 0.842.
[2020-05-12 09:42:25,002][INFO] 
[0m 28s (28.646 seconds)] Starting epoch 97:
[2020-05-12 09:42:25,236][INFO] [0m 28s (28.879 seconds)] At epoch 97: avg accuracy training loss 0.5773506611585617, safe training loss 0.008457920397631824.
[2020-05-12 09:42:25,236][INFO] [0m 28s (28.879 seconds)] After epoch 97:
[2020-05-12 09:42:25,236][INFO] Loaded 3000 points for training.
[2020-05-12 09:42:25,236][INFO] Loaded 133 abstractions for training.
[2020-05-12 09:42:25,289][INFO] min loss 0.0, max loss 0.36310723423957825.
[2020-05-12 09:42:25,290][INFO] Max loss at LB: tensor([ 0.3821,  0.0333,  0.0955,  0.5354, -0.1340, -0.2946], device='cuda:0'), UB: tensor([ 0.4321,  0.0833,  0.1455,  0.5854, -0.0840, -0.2446], device='cuda:0').
[2020-05-12 09:42:25,291][INFO] Test set accuracy 0.857.
[2020-05-12 09:42:25,292][INFO] 
[0m 28s (28.935 seconds)] Starting epoch 98:
[2020-05-12 09:42:25,527][INFO] [0m 29s (29.171 seconds)] At epoch 98: avg accuracy training loss 0.5835581868886948, safe training loss 0.008181531506124884.
[2020-05-12 09:42:25,528][INFO] [0m 29s (29.171 seconds)] After epoch 98:
[2020-05-12 09:42:25,528][INFO] Loaded 3000 points for training.
[2020-05-12 09:42:25,528][INFO] Loaded 133 abstractions for training.
[2020-05-12 09:42:25,581][INFO] min loss 0.0, max loss 0.4340773820877075.
[2020-05-12 09:42:25,582][INFO] Max loss at LB: tensor([ 0.3821,  0.0333,  0.0955,  0.5354, -0.1340, -0.2946], device='cuda:0'), UB: tensor([ 0.4321,  0.0833,  0.1455,  0.5854, -0.0840, -0.2446], device='cuda:0').
[2020-05-12 09:42:25,583][INFO] Test set accuracy 0.8433333333333334.
[2020-05-12 09:42:25,583][INFO] 
[0m 29s (29.227 seconds)] Starting epoch 99:
[2020-05-12 09:42:25,824][INFO] [0m 29s (29.468 seconds)] At epoch 99: avg accuracy training loss 0.5782711952924728, safe training loss 0.008547354256734252.
[2020-05-12 09:42:25,825][INFO] [0m 29s (29.468 seconds)] After epoch 99:
[2020-05-12 09:42:25,825][INFO] Loaded 3000 points for training.
[2020-05-12 09:42:25,825][INFO] Loaded 133 abstractions for training.
[2020-05-12 09:42:25,879][INFO] min loss 0.0, max loss 0.36724740266799927.
[2020-05-12 09:42:25,881][INFO] Max loss at LB: tensor([ 0.3821,  0.0333,  0.0955,  0.5354, -0.1340, -0.2946], device='cuda:0'), UB: tensor([ 0.4321,  0.0833,  0.1455,  0.5854, -0.0840, -0.2446], device='cuda:0').
[2020-05-12 09:42:25,882][INFO] Test set accuracy 0.863.
[2020-05-12 09:42:25,882][INFO] 
[0m 29s (29.526 seconds)] Starting epoch 100:
[2020-05-12 09:42:26,119][INFO] [0m 29s (29.762 seconds)] At epoch 100: avg accuracy training loss 0.573770210146904, safe training loss 0.010202432982623577.
[2020-05-12 09:42:26,119][INFO] [0m 29s (29.762 seconds)] After epoch 100:
[2020-05-12 09:42:26,119][INFO] Loaded 3000 points for training.
[2020-05-12 09:42:26,119][INFO] Loaded 133 abstractions for training.
[2020-05-12 09:42:26,172][INFO] min loss 0.0, max loss 0.426567405462265.
[2020-05-12 09:42:26,174][INFO] Max loss at LB: tensor([ 0.3821,  0.0333,  0.0955,  0.5354, -0.1340, -0.2946], device='cuda:0'), UB: tensor([ 0.4321,  0.0833,  0.1455,  0.5854, -0.0840, -0.2446], device='cuda:0').
[2020-05-12 09:42:26,175][INFO] Test set accuracy 0.8533333333333334.
[2020-05-12 09:42:26,232][INFO] Certified prop based at tensor([ 0.8923,  0.3161,  0.1048,  0.5506, -0.1836,  0.0016]) using 0th eps, now 5/10.
[2020-05-12 09:42:26,242][INFO] Certified prop based at tensor([ 0.0180,  0.2661,  0.1794,  0.5043, -0.2786,  0.1389]) using 0th eps, now 10/15.
[2020-05-12 09:42:26,252][INFO] Certified prop based at tensor([ 0.2628,  0.4940,  0.1791,  0.4497, -0.2046,  0.1706]) using 0th eps, now 15/20.
[2020-05-12 09:42:26,261][INFO] Certified prop based at tensor([ 0.2467,  0.4408,  0.1596,  0.5771,  0.1958, -0.1645]) using 0th eps, now 20/25.
[2020-05-12 09:42:55,555][INFO] Certified prop based at tensor([ 0.5892,  0.3169,  0.2946,  0.4627, -0.1624,  0.0218]) using 0th eps, now 25/35.
[2020-05-12 09:42:55,566][INFO] Certified prop based at tensor([0.1260, 0.4555, 0.1724, 0.4144, 0.0799, 0.1767]) using 0th eps, now 30/40.
[2020-05-12 09:42:55,576][INFO] Certified prop based at tensor([0.1263, 0.5367, 0.2807, 0.4223, 0.0716, 0.2757]) using 0th eps, now 35/45.
[2020-05-12 09:43:25,870][INFO] Certified prop based at tensor([ 0.4371,  0.9816,  0.2206,  0.4593, -0.2221, -0.1439]) using 0th eps, now 40/55.
[2020-05-12 09:43:25,881][INFO] Certified prop based at tensor([ 0.1256,  0.2528,  0.1825,  0.5034, -0.1384, -0.0617]) using 0th eps, now 45/60.
[2020-05-12 09:43:25,891][INFO] Certified prop based at tensor([ 0.0403,  0.4127,  0.2535,  0.5963, -0.1595, -0.2891]) using 0th eps, now 50/65.
[2020-05-12 09:43:25,901][INFO] Certified prop based at tensor([ 0.7011,  0.2367,  0.1807,  0.5966,  0.2604, -0.0657]) using 0th eps, now 55/70.
[2020-05-12 09:43:25,911][INFO] Certified prop based at tensor([ 0.0018,  0.4172,  0.2368,  0.4740, -0.0621,  0.0734]) using 0th eps, now 60/75.
[2020-05-12 09:43:25,921][INFO] Certified prop based at tensor([ 0.0194,  0.6863,  0.2367,  0.5090,  0.2769, -0.2279]) using 0th eps, now 65/80.
[2020-05-12 09:43:25,933][INFO] Certified prop based at tensor([0.3316, 0.3106, 0.2472, 0.5459, 0.0550, 0.1016]) using 0th eps, now 70/85.
[2020-05-12 09:43:25,943][INFO] Certified prop based at tensor([ 0.3511,  0.5603,  0.1852,  0.4403, -0.0833, -0.1584]) using 0th eps, now 75/90.
[2020-05-12 09:43:25,953][INFO] Certified prop based at tensor([ 0.2572,  0.3256,  0.1528,  0.4552, -0.1236, -0.1408]) using 0th eps, now 80/95.
[2020-05-12 09:43:25,964][INFO] Certified prop based at tensor([ 0.7676,  0.8311,  0.2326,  0.5141,  0.0980, -0.1638]) using 0th eps, now 85/100.
[2020-05-12 09:43:25,974][INFO] Certified prop based at tensor([0.7238, 0.5948, 0.1180, 0.4964, 0.0105, 0.1820]) using 0th eps, now 90/105.
[2020-05-12 09:43:25,984][INFO] Certified prop based at tensor([ 0.0714,  0.5314,  0.2001,  0.5787, -0.0061, -0.0288]) using 0th eps, now 95/110.
[2020-05-12 09:43:25,995][INFO] Certified prop based at tensor([ 0.9707,  0.8325,  0.2294,  0.5122, -0.1780, -0.0908]) using 0th eps, now 100/115.
[2020-05-12 09:43:26,025][INFO] Certified prop based at tensor([ 0.0579,  0.4882,  0.2457,  0.4880,  0.1531, -0.2028]) using 0th eps, now 105/120.
[2020-05-12 09:43:26,035][INFO] Certified prop based at tensor([ 0.4225,  0.0888,  0.2351,  0.5522, -0.1699, -0.2320]) using 0th eps, now 110/125.
[2020-05-12 09:43:26,045][INFO] Certified prop based at tensor([ 0.4624,  0.7558,  0.1954,  0.4276,  0.0518, -0.0629]) using 0th eps, now 115/130.
[2020-05-12 09:43:26,057][INFO] Certified prop based at tensor([ 0.4810,  0.7580,  0.2625,  0.4252,  0.1759, -0.1926]) using 0th eps, now 120/135.
[2020-05-12 09:43:26,067][INFO] Certified prop based at tensor([ 0.0151,  0.9321,  0.1308,  0.5741, -0.0842, -0.1962]) using 0th eps, now 125/140.
[2020-05-12 09:43:26,077][INFO] Certified prop based at tensor([ 0.3163,  0.5544,  0.1579,  0.4212, -0.0178, -0.2977]) using 0th eps, now 130/145.
[2020-05-12 09:43:26,087][INFO] Certified prop based at tensor([ 0.2651,  0.6088,  0.2448,  0.4979,  0.2409, -0.1682]) using 0th eps, now 135/150.
[2020-05-12 09:43:55,572][INFO] Certified prop based at tensor([ 0.4135,  0.7258,  0.2062,  0.4128,  0.2809, -0.1083]) using 0th eps, now 140/160.
[2020-05-12 09:43:55,583][INFO] Certified prop based at tensor([ 0.2833,  0.1129,  0.2717,  0.4023, -0.0922,  0.1239]) using 0th eps, now 145/165.
[2020-05-12 09:43:55,593][INFO] Certified prop based at tensor([ 0.5159,  0.2009,  0.2285,  0.5121,  0.1848, -0.0160]) using 0th eps, now 150/170.
[2020-05-12 09:43:55,602][INFO] Certified prop based at tensor([ 0.2254,  0.6199,  0.2232,  0.5094, -0.2369,  0.0743]) using 0th eps, now 155/175.
[2020-05-12 09:44:19,496][INFO] Certified prop based at tensor([ 0.1032,  0.8467,  0.2544,  0.4870, -0.1191,  0.0527]) using 4th eps, now 156/180.
[2020-05-12 09:44:19,507][INFO] Certified prop based at tensor([ 0.4493,  0.2924,  0.1095,  0.4537,  0.0630, -0.0348]) using 0th eps, now 161/185.
[2020-05-12 09:44:19,516][INFO] Certified prop based at tensor([ 0.8415,  0.6032,  0.2924,  0.4024, -0.1845, -0.0140]) using 0th eps, now 166/190.
[2020-05-12 09:44:19,526][INFO] Certified prop based at tensor([ 0.8747,  0.3421,  0.2664,  0.5920, -0.1161, -0.1439]) using 0th eps, now 171/195.
[2020-05-12 09:44:19,536][INFO] Certified prop based at tensor([ 0.4073,  0.7339,  0.1212,  0.5880, -0.1098,  0.1017]) using 0th eps, now 176/200.
[2020-05-12 09:44:19,546][INFO] Certified prop based at tensor([ 0.9226,  0.8354,  0.1143,  0.4773, -0.1917, -0.2779]) using 0th eps, now 181/205.
[2020-05-12 09:44:19,555][INFO] Certified prop based at tensor([ 0.2467,  0.4020,  0.2104,  0.4105, -0.1962, -0.0476]) using 0th eps, now 186/210.
[2020-05-12 09:44:19,565][INFO] Certified prop based at tensor([ 0.9711,  0.3975,  0.2354,  0.5669,  0.0942, -0.2549]) using 0th eps, now 191/215.
[2020-05-12 09:44:37,439][INFO] Certified prop based at tensor([ 0.0027,  0.0865,  0.2979,  0.4425,  0.1747, -0.1917]) using 3th eps, now 193/220.
[2020-05-12 09:44:37,449][INFO] Certified prop based at tensor([ 0.8246,  0.8338,  0.2275,  0.5062, -0.0013,  0.0614]) using 0th eps, now 198/225.
[2020-05-12 09:45:06,770][INFO] Certified prop based at tensor([ 0.4851,  0.8029,  0.2251,  0.5872,  0.2542, -0.0166]) using 0th eps, now 203/235.
[2020-05-12 09:45:06,780][INFO] Certified prop based at tensor([0.0836, 0.5079, 0.2653, 0.4952, 0.1126, 0.0035]) using 0th eps, now 208/240.
[2020-05-12 09:45:06,790][INFO] Certified prop based at tensor([ 0.0941,  0.5722,  0.2586,  0.5845, -0.1331,  0.1924]) using 0th eps, now 213/245.
[2020-05-12 09:45:06,847][INFO] Certified prop based at tensor([ 0.2337,  0.5632,  0.2855,  0.4085, -0.2291,  0.0845]) using 0th eps, now 218/255.
[2020-05-12 09:45:06,858][INFO] Certified prop based at tensor([ 0.3264,  0.5073,  0.1066,  0.4181, -0.2170,  0.0930]) using 0th eps, now 223/260.
[2020-05-12 09:45:06,868][INFO] Certified prop based at tensor([0.3476, 0.7449, 0.2237, 0.5039, 0.0210, 0.1112]) using 0th eps, now 228/265.
[2020-05-12 09:45:06,878][INFO] Certified prop based at tensor([ 0.3042,  0.7440,  0.2834,  0.5836,  0.0431, -0.1407]) using 0th eps, now 233/270.
[2020-05-12 09:45:06,937][INFO] Certified prop based at tensor([ 0.0033,  0.1977,  0.1716,  0.5941, -0.0118, -0.1101]) using 0th eps, now 238/280.
[2020-05-12 09:45:06,947][INFO] Certified prop based at tensor([ 0.2000,  0.1978,  0.1586,  0.5049, -0.1598, -0.1593]) using 0th eps, now 243/285.
[2020-05-12 09:45:06,957][INFO] Certified prop based at tensor([ 0.3612,  0.3079,  0.1192,  0.5362, -0.0968, -0.2936]) using 0th eps, now 248/290.
[2020-05-12 09:45:06,967][INFO] Certified prop based at tensor([ 0.9754,  0.3031,  0.1327,  0.4620, -0.0518,  0.1734]) using 0th eps, now 253/295.
[2020-05-12 09:45:06,977][INFO] Certified prop based at tensor([ 0.7892,  0.0522,  0.1487,  0.4137,  0.0643, -0.0167]) using 0th eps, now 258/300.
[2020-05-12 09:45:06,987][INFO] Certified prop based at tensor([0.4583, 0.8232, 0.1210, 0.5777, 0.1115, 0.0157]) using 0th eps, now 263/305.
[2020-05-12 09:45:06,997][INFO] Certified prop based at tensor([0.3204, 0.5566, 0.1388, 0.4175, 0.0736, 0.0313]) using 0th eps, now 268/310.
[2020-05-12 09:45:07,006][INFO] Certified prop based at tensor([ 0.4825,  0.7492,  0.2105,  0.4108,  0.0574, -0.2176]) using 0th eps, now 273/315.
[2020-05-12 09:45:07,017][INFO] Certified prop based at tensor([ 0.0287,  0.5504,  0.2091,  0.5615,  0.1959, -0.0099]) using 0th eps, now 278/320.
[2020-05-12 09:45:07,027][INFO] Certified prop based at tensor([ 0.3587,  0.1589,  0.2520,  0.5899, -0.1352, -0.2991]) using 0th eps, now 283/325.
[2020-05-12 09:45:07,037][INFO] Certified prop based at tensor([ 0.4373,  0.7739,  0.1789,  0.4810, -0.2205,  0.1768]) using 0th eps, now 288/330.
[2020-05-12 09:45:07,047][INFO] Certified prop based at tensor([ 0.6305,  0.4972,  0.2319,  0.5192, -0.1699,  0.2444]) using 0th eps, now 293/335.
[2020-05-12 09:45:07,057][INFO] Certified prop based at tensor([ 0.4196,  0.3721,  0.1167,  0.4240, -0.2274, -0.2688]) using 0th eps, now 298/340.
[2020-05-12 09:45:07,067][INFO] Certified prop based at tensor([0.6851, 0.5652, 0.2392, 0.4526, 0.2667, 0.2123]) using 0th eps, now 303/345.
[2020-05-12 09:45:07,077][INFO] Certified prop based at tensor([ 0.1417,  0.4102,  0.2219,  0.4067,  0.0835, -0.0938]) using 0th eps, now 308/350.
[2020-05-12 09:45:07,087][INFO] Certified prop based at tensor([ 0.9373,  0.2160,  0.2665,  0.5505,  0.2196, -0.2951]) using 0th eps, now 313/355.
[2020-05-12 09:45:07,097][INFO] Certified prop based at tensor([ 0.2012,  0.3339,  0.1661,  0.4810,  0.0023, -0.1883]) using 0th eps, now 318/360.
[2020-05-12 09:45:36,549][INFO] Certified prop based at tensor([0.2907, 0.6539, 0.1618, 0.5877, 0.1130, 0.1649]) using 0th eps, now 323/370.
[2020-05-12 09:46:00,372][INFO] Certified prop based at tensor([ 0.3097,  0.2096,  0.1156,  0.4547,  0.0993, -0.2124]) using 4th eps, now 324/375.
[2020-05-12 09:46:00,383][INFO] Certified prop based at tensor([7.8620e-05, 9.6535e-01, 1.9266e-01, 4.7821e-01, 8.7692e-03, 1.2052e-01]) using 0th eps, now 329/380.
[2020-05-12 09:46:00,393][INFO] Certified prop based at tensor([0.9337, 0.6571, 0.2529, 0.5835, 0.0791, 0.1779]) using 0th eps, now 334/385.
[2020-05-12 09:46:00,403][INFO] Certified prop based at tensor([ 0.4944,  0.8059,  0.2437,  0.4887, -0.1733,  0.0804]) using 0th eps, now 339/390.
[2020-05-12 09:46:00,413][INFO] Certified prop based at tensor([ 0.2320,  0.6332,  0.2429,  0.5849, -0.0717, -0.0764]) using 0th eps, now 344/395.
[2020-05-12 09:46:00,423][INFO] Certified prop based at tensor([ 0.7483,  0.8297,  0.2461,  0.4681, -0.2852,  0.0703]) using 0th eps, now 349/400.
[2020-05-12 09:46:30,273][INFO] Certified prop based at tensor([0.8327, 0.1858, 0.1410, 0.4443, 0.0668, 0.2536]) using 0th eps, now 354/410.
[2020-05-12 09:46:30,284][INFO] Certified prop based at tensor([ 0.2735,  0.4419,  0.1601,  0.4627, -0.1081, -0.0426]) using 0th eps, now 359/415.
[2020-05-12 09:46:30,294][INFO] Certified prop based at tensor([0.9058, 0.1240, 0.1645, 0.4632, 0.1047, 0.2417]) using 0th eps, now 364/420.
[2020-05-12 09:46:59,996][INFO] Certified prop based at tensor([ 0.3806,  0.5502,  0.1325,  0.4527,  0.2144, -0.2845]) using 0th eps, now 369/430.
[2020-05-12 09:47:00,007][INFO] Certified prop based at tensor([ 0.3166,  0.5543,  0.1433,  0.5504,  0.2140, -0.2656]) using 0th eps, now 374/435.
[2020-05-12 09:47:00,017][INFO] Certified prop based at tensor([ 0.3313,  0.3839,  0.2102,  0.4734, -0.1451,  0.0874]) using 0th eps, now 379/440.
[2020-05-12 09:47:00,027][INFO] Certified prop based at tensor([ 0.7263,  0.4460,  0.1843,  0.5174,  0.2972, -0.2925]) using 0th eps, now 384/445.
[2020-05-12 09:47:29,437][INFO] Certified prop based at tensor([ 0.3950,  0.6707,  0.1557,  0.4689, -0.2509,  0.0366]) using 0th eps, now 389/455.
[2020-05-12 09:47:29,448][INFO] Certified prop based at tensor([0.3407, 0.7660, 0.2880, 0.5882, 0.1783, 0.0893]) using 0th eps, now 394/460.
[2020-05-12 09:47:29,487][INFO] Certified prop based at tensor([ 0.3346,  0.1807,  0.2620,  0.4638,  0.1953, -0.0891]) using 0th eps, now 399/465.
[2020-05-12 09:47:29,497][INFO] Certified prop based at tensor([ 0.9239,  0.6044,  0.1930,  0.5436, -0.1480,  0.1305]) using 0th eps, now 404/470.
[2020-05-12 09:47:29,508][INFO] Certified prop based at tensor([ 0.2487,  0.6278,  0.2073,  0.5441, -0.1019,  0.1405]) using 0th eps, now 409/475.
[2020-05-12 09:47:29,518][INFO] Certified prop based at tensor([ 0.5293,  0.4240,  0.1250,  0.5066, -0.1173,  0.2221]) using 0th eps, now 414/480.
[2020-05-12 09:47:29,528][INFO] Certified prop based at tensor([0.3326, 0.7133, 0.2275, 0.4283, 0.1455, 0.0168]) using 0th eps, now 419/485.
[2020-05-12 09:48:22,476][INFO] Certified prop based at tensor([ 0.0895,  0.2582,  0.2102,  0.4883, -0.1224,  0.2341]) using 4th eps, now 420/495.
[2020-05-12 09:48:51,869][INFO] Accuracy at every epoch: ['0.5000', '0.5000', '0.5000', '0.6423', '0.6607', '0.4997', '0.5517', '0.7787', '0.5323', '0.6207', '0.7937', '0.7097', '0.5880', '0.7807', '0.7137', '0.7820', '0.7773', '0.6850', '0.7783', '0.7603', '0.7803', '0.7833', '0.7657', '0.7867', '0.7710', '0.7853', '0.7957', '0.7780', '0.7953', '0.8003', '0.7830', '0.7960', '0.8023', '0.7627', '0.8100', '0.6283', '0.8083', '0.7910', '0.8023', '0.8017', '0.7713', '0.8027', '0.7863', '0.8140', '0.7630', '0.8010', '0.8023', '0.7433', '0.8063', '0.7417', '0.8027', '0.7823', '0.7993', '0.8040', '0.7653', '0.8007', '0.7617', '0.8050', '0.7853', '0.7713', '0.8083', '0.7790', '0.8020', '0.7190', '0.8067', '0.8107', '0.7413', '0.8173', '0.7500', '0.8143', '0.8103', '0.8070', '0.8073', '0.8077', '0.8210', '0.8220', '0.8233', '0.8190', '0.8213', '0.8177', '0.8330', '0.8243', '0.8300', '0.8420', '0.8463', '0.8340', '0.8340', '0.8223', '0.8480', '0.8413', '0.8463', '0.8417', '0.8457', '0.8497', '0.8513', '0.8460', '0.8420', '0.8570', '0.8433', '0.8630', '0.8533']
[2020-05-12 09:48:51,869][INFO] After 100 epochs / 0m 29s (29.818 seconds), eventually the trained network got certified at 420 / 500 props, with 0.8630 accuracy on test set.
[2020-05-12 09:48:51,871][INFO] Final Summary -- Avg <epochs, train_time, certified, accuracy>: (100, 29.817996482015587, 420, 0.863)
[2020-05-12 09:48:51,871][INFO] Total Cost Time: 418.6937053420115s.



